<?xml version="1.0" encoding="utf-8"?>
<CoverageSession xmlns:xsd="http://www.w3.org/2001/XMLSchema" xmlns:xsi="http://www.w3.org/2001/XMLSchema-instance" Version="4.7.922.0">
  <Summary numSequencePoints="2406" visitedSequencePoints="2305" numBranchPoints="281" visitedBranchPoints="225" sequenceCoverage="95.80" branchCoverage="80.07" maxCyclomaticComplexity="26" minCyclomaticComplexity="1" maxCrapScore="26" minCrapScore="1" visitedClasses="11" numClasses="12" visitedMethods="146" numMethods="175" />
  <Modules>
    <Module skippedDueTo="Filter" hash="0B-8F-51-CB-33-77-DC-86-FE-EC-50-BE-F6-4F-A8-18-89-EB-42-00">
      <ModulePath>C:\Windows\Microsoft.Net\assembly\GAC_32\mscorlib\v4.0_4.0.0.0__b77a5c561934e089\mscorlib.dll</ModulePath>
      <ModuleTime>2024-10-29T22:50:04Z</ModuleTime>
      <ModuleName>mscorlib</ModuleName>
      <Classes />
    </Module>
    <Module skippedDueTo="MissingPdb" hash="DA-72-E0-2A-C8-4F-A6-A8-86-F6-BE-6C-54-7A-E9-F2-5A-E7-51-C3">
      <ModulePath>C:\Program Files (x86)\Microsoft Visual Studio\2019\Community\Common7\IDE\CommonExtensions\Microsoft\TestWindow\vstest.console.exe</ModulePath>
      <ModuleTime>2021-09-12T12:40:52.2117752Z</ModuleTime>
      <ModuleName>vstest.console</ModuleName>
      <Classes />
    </Module>
    <Module skippedDueTo="MissingPdb" hash="18-80-E9-C5-55-DE-00-B8-AE-FE-94-2C-88-EA-E2-C4-79-2B-23-DF">
      <ModulePath>C:\Program Files (x86)\Microsoft Visual Studio\2019\Community\Common7\IDE\Extensions\TestPlatform\vstest.console.exe</ModulePath>
      <ModuleTime>2021-09-12T12:40:55.3678965Z</ModuleTime>
      <ModuleName>vstest.console</ModuleName>
      <Classes />
    </Module>
    <Module skippedDueTo="MissingPdb" hash="11-62-48-B6-F9-1D-33-D1-02-A3-36-4C-58-9E-D0-A9-21-48-56-CA">
      <ModulePath>C:\Program Files (x86)\Microsoft Visual Studio\2019\Community\Common7\IDE\Extensions\TestPlatform\Microsoft.TestPlatform.CoreUtilities.dll</ModulePath>
      <ModuleTime>2021-09-12T12:40:54.9167789Z</ModuleTime>
      <ModuleName>Microsoft.TestPlatform.CoreUtilities</ModuleName>
      <Classes />
    </Module>
    <Module skippedDueTo="Filter" hash="5B-F6-A8-02-7D-E7-5F-D5-C2-8C-B7-BF-4B-5B-E3-D3-08-7A-3E-48">
      <ModulePath>C:\Windows\Microsoft.Net\assembly\GAC_MSIL\System\v4.0_4.0.0.0__b77a5c561934e089\System.dll</ModulePath>
      <ModuleTime>2024-09-17T00:59:29.3883776Z</ModuleTime>
      <ModuleName>System</ModuleName>
      <Classes />
    </Module>
    <Module skippedDueTo="MissingPdb" hash="DE-56-56-39-4A-E3-0C-7B-75-0D-9D-A8-86-1A-0F-93-AE-80-BA-25">
      <ModulePath>C:\Program Files (x86)\Microsoft Visual Studio\2019\Community\Common7\IDE\Extensions\TestPlatform\Microsoft.VisualStudio.TestPlatform.ObjectModel.dll</ModulePath>
      <ModuleTime>2021-09-12T12:40:55.1078393Z</ModuleTime>
      <ModuleName>Microsoft.VisualStudio.TestPlatform.ObjectModel</ModuleName>
      <Classes />
    </Module>
    <Module skippedDueTo="MissingPdb" hash="50-B8-C4-B7-E0-FA-46-95-3A-6E-A4-ED-AC-68-53-0A-F5-DA-2F-DE">
      <ModulePath>C:\Program Files (x86)\Microsoft Visual Studio\2019\Community\Common7\IDE\Extensions\TestPlatform\Microsoft.VisualStudio.TestPlatform.Client.dll</ModulePath>
      <ModuleTime>2021-09-12T12:40:55.0988361Z</ModuleTime>
      <ModuleName>Microsoft.VisualStudio.TestPlatform.Client</ModuleName>
      <Classes />
    </Module>
    <Module skippedDueTo="MissingPdb" hash="86-D8-72-BD-86-EE-67-08-1B-84-91-2C-93-E7-6A-74-EA-0B-A5-06">
      <ModulePath>C:\Program Files (x86)\Microsoft Visual Studio\2019\Community\Common7\IDE\Extensions\TestPlatform\Microsoft.VisualStudio.TestPlatform.Common.dll</ModulePath>
      <ModuleTime>2021-09-12T12:40:55.1028382Z</ModuleTime>
      <ModuleName>Microsoft.VisualStudio.TestPlatform.Common</ModuleName>
      <Classes />
    </Module>
    <Module skippedDueTo="Filter" hash="75-CD-46-1F-B5-1F-E5-1A-20-49-A2-86-D1-43-2A-24-03-9E-F4-7D">
      <ModulePath>C:\Windows\Microsoft.Net\assembly\GAC_MSIL\System.Core\v4.0_4.0.0.0__b77a5c561934e089\System.Core.dll</ModulePath>
      <ModuleTime>2024-08-30T04:48:49.8549632Z</ModuleTime>
      <ModuleName>System.Core</ModuleName>
      <Classes />
    </Module>
    <Module skippedDueTo="MissingPdb" hash="9F-B4-90-32-5C-01-2F-96-AB-6E-1F-84-11-8B-75-1E-13-B0-EB-43">
      <ModulePath>C:\Program Files (x86)\Microsoft Visual Studio\2019\Community\Common7\IDE\Extensions\TestPlatform\Microsoft.TestPlatform.PlatformAbstractions.dll</ModulePath>
      <ModuleTime>2021-09-12T12:40:54.9247982Z</ModuleTime>
      <ModuleName>Microsoft.TestPlatform.PlatformAbstractions</ModuleName>
      <Classes />
    </Module>
    <Module skippedDueTo="Filter" hash="07-29-4C-42-DC-87-D7-81-3D-BF-07-2C-94-7F-1B-00-35-6B-1E-80">
      <ModulePath>C:\Windows\Microsoft.Net\assembly\GAC_MSIL\System.Xml\v4.0_4.0.0.0__b77a5c561934e089\System.Xml.dll</ModulePath>
      <ModuleTime>2022-06-25T02:18:50.0614355Z</ModuleTime>
      <ModuleName>System.Xml</ModuleName>
      <Classes />
    </Module>
    <Module skippedDueTo="MissingPdb" hash="5F-2F-0B-D1-55-8D-98-37-31-BF-90-27-06-44-76-B6-87-5B-AD-EC">
      <ModulePath>C:\Program Files (x86)\Microsoft Visual Studio\2019\Community\Common7\IDE\Extensions\TestPlatform\Microsoft.TestPlatform.Utilities.dll</ModulePath>
      <ModuleTime>2021-09-12T12:40:54.9257985Z</ModuleTime>
      <ModuleName>Microsoft.TestPlatform.Utilities</ModuleName>
      <Classes />
    </Module>
    <Module skippedDueTo="MissingPdb" hash="80-91-72-00-BE-FA-61-CA-EB-48-F5-FE-C2-FA-FE-90-6B-0E-F5-E8">
      <ModulePath>C:\Program Files (x86)\Microsoft Visual Studio\2019\Community\Common7\IDE\Extensions\TestPlatform\NuGet.Frameworks.dll</ModulePath>
      <ModuleTime>2021-09-12T12:40:55.1908578Z</ModuleTime>
      <ModuleName>NuGet.Frameworks</ModuleName>
      <Classes />
    </Module>
    <Module skippedDueTo="Filter" hash="13-D6-76-38-4C-91-65-BA-D6-6D-F9-EA-3C-7D-1F-29-CE-77-DE-59">
      <ModulePath>C:\Windows\Microsoft.Net\assembly\GAC_MSIL\System.Configuration\v4.0_4.0.0.0__b03f5f7f11d50a3a\System.Configuration.dll</ModulePath>
      <ModuleTime>2022-06-25T02:18:50.0301789Z</ModuleTime>
      <ModuleName>System.Configuration</ModuleName>
      <Classes />
    </Module>
    <Module skippedDueTo="MissingPdb" hash="21-A3-50-7A-BB-F9-3B-97-D0-86-7E-29-16-61-36-5D-B1-E9-BA-8A">
      <ModulePath>C:\Program Files (x86)\Microsoft Visual Studio\2019\Community\Common7\IDE\Extensions\TestPlatform\Microsoft.Extensions.FileSystemGlobbing.dll</ModulePath>
      <ModuleTime>2021-09-12T12:40:54.8737679Z</ModuleTime>
      <ModuleName>Microsoft.Extensions.FileSystemGlobbing</ModuleName>
      <Classes />
    </Module>
    <Module skippedDueTo="MissingPdb" hash="55-31-4E-3B-3F-C8-3C-86-14-55-A7-33-41-A6-92-86-87-1A-EC-6E">
      <ModulePath>C:\Program Files (x86)\Microsoft Visual Studio\2019\Community\Common7\IDE\Extensions\TestPlatform\Microsoft.TestPlatform.CrossPlatEngine.dll</ModulePath>
      <ModuleTime>2021-09-12T12:40:54.9207962Z</ModuleTime>
      <ModuleName>Microsoft.TestPlatform.CrossPlatEngine</ModuleName>
      <Classes />
    </Module>
    <Module skippedDueTo="MissingPdb" hash="45-D1-20-00-06-14-3A-F0-F5-26-B3-92-63-B8-63-67-ED-04-05-89">
      <ModulePath>C:\Program Files (x86)\Microsoft Visual Studio\2019\Community\Common7\IDE\Extensions\TestPlatform\Extensions\Microsoft.TestPlatform.Extensions.BlameDataCollector.dll</ModulePath>
      <ModuleTime>2021-09-12T12:40:54.3906784Z</ModuleTime>
      <ModuleName>Microsoft.TestPlatform.Extensions.BlameDataCollector</ModuleName>
      <Classes />
    </Module>
    <Module skippedDueTo="MissingPdb" hash="2F-89-F7-AB-58-9F-65-2C-FD-43-FD-61-35-D6-3F-12-7E-10-BC-D6">
      <ModulePath>C:\Program Files (x86)\Microsoft Visual Studio\2019\Community\Common7\IDE\Extensions\TestPlatform\Extensions\Microsoft.TestPlatform.Extensions.EventLogCollector.dll</ModulePath>
      <ModuleTime>2021-09-12T12:40:54.3926787Z</ModuleTime>
      <ModuleName>Microsoft.TestPlatform.Extensions.EventLogCollector</ModuleName>
      <Classes />
    </Module>
    <Module skippedDueTo="MissingPdb" hash="3E-8F-44-88-2C-05-17-5F-57-8D-60-93-F8-CC-52-8B-C0-2F-F5-47">
      <ModulePath>C:\Program Files (x86)\Microsoft Visual Studio\2019\Community\Common7\IDE\Extensions\TestPlatform\Extensions\Microsoft.TestPlatform.TestHostRuntimeProvider.dll</ModulePath>
      <ModuleTime>2021-09-12T12:40:54.3956794Z</ModuleTime>
      <ModuleName>Microsoft.TestPlatform.TestHostRuntimeProvider</ModuleName>
      <Classes />
    </Module>
    <Module skippedDueTo="MissingPdb" hash="B4-A1-A9-12-55-CC-DA-02-99-EA-2D-3B-49-CA-38-9F-C4-20-F1-0D">
      <ModulePath>C:\Program Files (x86)\Microsoft Visual Studio\2019\Community\Common7\IDE\Extensions\TestPlatform\Microsoft.VisualStudio.ArchitectureTools.PEReader.dll</ModulePath>
      <ModuleTime>2021-09-12T12:40:54.9458027Z</ModuleTime>
      <ModuleName>Microsoft.VisualStudio.ArchitectureTools.PEReader</ModuleName>
      <Classes />
    </Module>
    <Module skippedDueTo="MissingPdb" hash="58-5E-67-06-AF-A2-3A-8A-ED-2E-A3-70-15-61-52-43-1B-DF-2D-2A">
      <ModulePath>C:\Program Files (x86)\Microsoft Visual Studio\2019\Community\Common7\IDE\Extensions\TestPlatform\Extensions\Microsoft.VisualStudio.Coverage.Core.dll</ModulePath>
      <ModuleTime>2021-09-12T12:40:54.4236858Z</ModuleTime>
      <ModuleName>Microsoft.VisualStudio.Coverage.Core</ModuleName>
      <Classes />
    </Module>
    <Module skippedDueTo="MissingPdb" hash="9A-CB-A1-48-B3-FE-31-60-01-C3-55-CC-7B-4A-E2-7C-CC-C0-88-B7">
      <ModulePath>C:\Windows\Microsoft.Net\assembly\GAC_MSIL\netstandard\v4.0_2.0.0.0__cc7b13ffcd2ddd51\netstandard.dll</ModulePath>
      <ModuleTime>2022-06-25T02:18:49.7333193Z</ModuleTime>
      <ModuleName>netstandard</ModuleName>
      <Classes />
    </Module>
    <Module skippedDueTo="Filter" hash="77-A4-97-0E-E6-32-6E-11-AC-43-48-E0-2D-B3-34-4B-08-D1-89-FB">
      <ModulePath>C:\Windows\Microsoft.Net\assembly\GAC_MSIL\System.ValueTuple\v4.0_4.0.0.0__cc7b13ffcd2ddd51\System.ValueTuple.dll</ModulePath>
      <ModuleTime>2022-06-25T02:18:49.7333193Z</ModuleTime>
      <ModuleName>System.ValueTuple</ModuleName>
      <Classes />
    </Module>
    <Module skippedDueTo="MissingPdb" hash="19-C5-D3-45-1F-5D-14-CD-D8-14-20-5F-DB-04-3C-DC-0A-4F-2D-32">
      <ModulePath>C:\Program Files (x86)\Microsoft Visual Studio\2019\Community\Common7\IDE\Extensions\TestPlatform\Extensions\Microsoft.VisualStudio.Coverage.Instrumentation.dll</ModulePath>
      <ModuleTime>2021-09-12T12:40:54.4266865Z</ModuleTime>
      <ModuleName>Microsoft.VisualStudio.Coverage.Instrumentation</ModuleName>
      <Classes />
    </Module>
    <Module skippedDueTo="Filter" hash="F1-D3-C4-19-F0-A3-97-CA-EE-78-EA-BA-5F-97-56-C8-6D-7F-01-45">
      <ModulePath>C:\Program Files (x86)\Microsoft Visual Studio\2019\Community\Common7\IDE\Extensions\TestPlatform\System.Reflection.Metadata.dll</ModulePath>
      <ModuleTime>2021-09-12T12:40:55.279877Z</ModuleTime>
      <ModuleName>System.Reflection.Metadata</ModuleName>
      <Classes />
    </Module>
    <Module skippedDueTo="Filter" hash="FB-BF-29-CE-7B-65-70-2C-55-E7-9A-03-D5-24-9F-04-A1-39-0C-A6">
      <ModulePath>C:\Program Files (x86)\Microsoft Visual Studio\2019\Community\Common7\IDE\Extensions\TestPlatform\System.Collections.Immutable.dll</ModulePath>
      <ModuleTime>2021-09-12T12:40:55.2688757Z</ModuleTime>
      <ModuleName>System.Collections.Immutable</ModuleName>
      <Classes />
    </Module>
    <Module skippedDueTo="Filter" hash="44-CC-C4-D8-64-63-1D-CB-82-53-0C-84-24-5C-27-3B-ED-9B-22-FE">
      <ModulePath>C:\Windows\Microsoft.Net\assembly\GAC_MSIL\System.Runtime\v4.0_4.0.0.0__b03f5f7f11d50a3a\System.Runtime.dll</ModulePath>
      <ModuleTime>2022-06-25T02:18:49.7176819Z</ModuleTime>
      <ModuleName>System.Runtime</ModuleName>
      <Classes />
    </Module>
    <Module skippedDueTo="Filter" hash="85-48-9E-D5-11-5B-76-E4-01-C5-27-0B-40-A9-B9-0C-8B-A7-C2-70">
      <ModulePath>C:\Windows\Microsoft.Net\assembly\GAC_MSIL\System.Runtime.InteropServices\v4.0_4.0.0.0__b03f5f7f11d50a3a\System.Runtime.InteropServices.dll</ModulePath>
      <ModuleTime>2022-06-25T02:18:49.7176819Z</ModuleTime>
      <ModuleName>System.Runtime.InteropServices</ModuleName>
      <Classes />
    </Module>
    <Module skippedDueTo="MissingPdb" hash="42-28-9D-88-67-6D-22-8F-58-F6-B9-5F-95-22-DC-5B-EB-7B-C3-A1">
      <ModulePath>C:\Program Files (x86)\Microsoft Visual Studio\2019\Community\Common7\IDE\Extensions\TestPlatform\Extensions\Microsoft.VisualStudio.Coverage.Interprocess.dll</ModulePath>
      <ModuleTime>2021-09-12T12:40:54.429687Z</ModuleTime>
      <ModuleName>Microsoft.VisualStudio.Coverage.Interprocess</ModuleName>
      <Classes />
    </Module>
    <Module skippedDueTo="Filter" hash="C3-A7-6E-C0-46-6C-64-9A-80-9A-CA-1A-F8-36-95-53-9A-D2-6B-1C">
      <ModulePath>C:\Windows\Microsoft.Net\assembly\GAC_MSIL\System.Runtime.InteropServices.RuntimeInformation\v4.0_4.0.0.0__b03f5f7f11d50a3a\System.Runtime.InteropServices.RuntimeInformation.dll</ModulePath>
      <ModuleTime>2022-06-25T02:18:49.7176819Z</ModuleTime>
      <ModuleName>System.Runtime.InteropServices.RuntimeInformation</ModuleName>
      <Classes />
    </Module>
    <Module skippedDueTo="MissingPdb" hash="95-3A-4F-C2-2D-BC-1C-F2-28-01-18-E5-8D-6F-17-9F-82-98-92-DD">
      <ModulePath>C:\Program Files (x86)\Microsoft Visual Studio\2019\Community\Common7\IDE\Extensions\TestPlatform\Extensions\Microsoft.VisualStudio.TestPlatform.Extensions.CodedWebTestAdapter.dll</ModulePath>
      <ModuleTime>2021-09-12T12:40:54.4316874Z</ModuleTime>
      <ModuleName>Microsoft.VisualStudio.TestPlatform.Extensions.CodedWebTestAdapter</ModuleName>
      <Classes />
    </Module>
    <Module skippedDueTo="MissingPdb" hash="FC-D4-34-09-64-45-B9-DD-E8-8C-0C-7E-8A-D0-5D-0B-1F-9A-0D-3D">
      <ModulePath>C:\Program Files (x86)\Microsoft Visual Studio\2019\Community\Common7\IDE\Extensions\TestPlatform\Extensions\Microsoft.VisualStudio.TestPlatform.Extensions.TmiAdapter.dll</ModulePath>
      <ModuleTime>2021-09-12T12:40:54.4466908Z</ModuleTime>
      <ModuleName>Microsoft.VisualStudio.TestPlatform.Extensions.TmiAdapter</ModuleName>
      <Classes />
    </Module>
    <Module skippedDueTo="MissingPdb" hash="6C-B7-02-E2-B3-0F-FC-63-1C-75-40-9E-7B-FB-A9-08-87-3E-10-40">
      <ModulePath>C:\Program Files (x86)\Microsoft Visual Studio\2019\Community\Common7\IDE\Extensions\TestPlatform\Microsoft.VisualStudio.QualityTools.Common.dll</ModulePath>
      <ModuleTime>2021-09-12T12:40:54.9848115Z</ModuleTime>
      <ModuleName>Microsoft.VisualStudio.QualityTools.Common</ModuleName>
      <Classes />
    </Module>
    <Module skippedDueTo="MissingPdb" hash="E0-9E-DE-36-12-73-35-10-F9-15-D2-B8-59-86-CA-EE-ED-CB-3F-E8">
      <ModulePath>C:\Program Files (x86)\Microsoft Visual Studio\2019\Community\Common7\IDE\Extensions\TestPlatform\Extensions\Microsoft.VisualStudio.TestPlatform.Extensions.GenericTestAdapter.dll</ModulePath>
      <ModuleTime>2021-09-12T12:40:54.4346889Z</ModuleTime>
      <ModuleName>Microsoft.VisualStudio.TestPlatform.Extensions.GenericTestAdapter</ModuleName>
      <Classes />
    </Module>
    <Module skippedDueTo="MissingPdb" hash="3F-11-81-77-E6-E0-0E-0A-74-45-B1-02-E7-92-C1-97-18-62-2E-81">
      <ModulePath>C:\Program Files (x86)\Microsoft Visual Studio\2019\Community\Common7\IDE\Extensions\TestPlatform\Extensions\Microsoft.VisualStudio.TestPlatform.Extensions.Html.TestLogger.dll</ModulePath>
      <ModuleTime>2021-09-12T12:40:54.4366887Z</ModuleTime>
      <ModuleName>Microsoft.VisualStudio.TestPlatform.Extensions.Html.TestLogger</ModuleName>
      <Classes />
    </Module>
    <Module skippedDueTo="MissingPdb" hash="96-25-66-D0-80-56-E1-2F-6F-72-C5-A6-FA-E5-AD-2E-FD-1F-A0-A9">
      <ModulePath>C:\Program Files (x86)\Microsoft Visual Studio\2019\Community\Common7\IDE\Extensions\TestPlatform\Extensions\Microsoft.VisualStudio.TestPlatform.Extensions.OrderedTestAdapter.dll</ModulePath>
      <ModuleTime>2021-09-12T12:40:54.4396894Z</ModuleTime>
      <ModuleName>Microsoft.VisualStudio.TestPlatform.Extensions.OrderedTestAdapter</ModuleName>
      <Classes />
    </Module>
    <Module skippedDueTo="MissingPdb" hash="F2-22-CA-4C-E2-CB-2C-E9-81-6D-74-A9-E0-94-DF-4B-48-F6-91-7F">
      <ModulePath>C:\Program Files (x86)\Microsoft Visual Studio\2019\Community\Common7\IDE\Extensions\TestPlatform\Extensions\Microsoft.VisualStudio.TestPlatform.Extensions.Trx.TestLogger.dll</ModulePath>
      <ModuleTime>2021-09-12T12:40:54.4506917Z</ModuleTime>
      <ModuleName>Microsoft.VisualStudio.TestPlatform.Extensions.Trx.TestLogger</ModuleName>
      <Classes />
    </Module>
    <Module skippedDueTo="MissingPdb" hash="65-86-DA-E2-5F-D1-4D-E4-58-BB-18-CD-E4-1E-9E-50-13-F0-3F-DE">
      <ModulePath>C:\Program Files (x86)\Microsoft Visual Studio\2019\Community\Common7\IDE\Extensions\TestPlatform\Extensions\Microsoft.VisualStudio.TestPlatform.Extensions.VSTestIntegration.dll</ModulePath>
      <ModuleTime>2021-09-12T12:40:54.4586935Z</ModuleTime>
      <ModuleName>Microsoft.VisualStudio.TestPlatform.Extensions.VSTestIntegration</ModuleName>
      <Classes />
    </Module>
    <Module skippedDueTo="MissingPdb" hash="0F-5D-14-F9-EC-6B-1B-D6-80-00-8F-4E-F5-E0-9B-A6-BA-98-89-3B">
      <ModulePath>C:\Program Files (x86)\Microsoft Visual Studio\2019\Community\Common7\IDE\Extensions\TestPlatform\Microsoft.VisualStudio.QualityTools.UnitTestFramework.dll</ModulePath>
      <ModuleTime>2021-09-12T12:40:55.0858333Z</ModuleTime>
      <ModuleName>Microsoft.VisualStudio.QualityTools.UnitTestFramework</ModuleName>
      <Classes />
    </Module>
    <Module skippedDueTo="Filter" hash="E0-BA-C1-03-18-E8-77-46-48-6D-0D-18-BF-69-94-72-27-78-29-AC">
      <ModulePath>C:\Windows\Microsoft.Net\assembly\GAC_32\System.Data\v4.0_4.0.0.0__b77a5c561934e089\System.Data.dll</ModulePath>
      <ModuleTime>2023-11-30T02:51:00Z</ModuleTime>
      <ModuleName>System.Data</ModuleName>
      <Classes />
    </Module>
    <Module skippedDueTo="MissingPdb" hash="B0-B8-2D-A9-66-5B-CB-E7-A2-3E-8C-67-4A-0E-45-B8-61-A8-7E-94">
      <ModulePath>C:\Program Files (x86)\Microsoft Visual Studio\2019\Community\Common7\IDE\Extensions\TestPlatform\Extensions\Microsoft.VisualStudio.TestPlatform.Extensions.WebTestAdapter.dll</ModulePath>
      <ModuleTime>2021-09-12T12:40:54.4606941Z</ModuleTime>
      <ModuleName>Microsoft.VisualStudio.TestPlatform.Extensions.WebTestAdapter</ModuleName>
      <Classes />
    </Module>
    <Module skippedDueTo="MissingPdb" hash="7E-1F-B9-53-13-40-45-A9-76-37-94-18-7C-70-43-C8-A6-07-B0-D6">
      <ModulePath>C:\Program Files (x86)\Microsoft Visual Studio\2019\Community\Common7\IDE\Extensions\TestPlatform\Extensions\Microsoft.VisualStudio.TestTools.CppUnitTestFramework.ComInterfaces.dll</ModulePath>
      <ModuleTime>2021-09-12T12:40:54.4626948Z</ModuleTime>
      <ModuleName>Microsoft.VisualStudio.TestTools.CppUnitTestFramework.ComInterfaces</ModuleName>
      <Classes />
    </Module>
    <Module skippedDueTo="MissingPdb" hash="7A-70-F1-BB-4F-61-D4-45-83-75-D2-C0-17-C5-4E-8F-09-6F-6F-FD">
      <ModulePath>C:\Program Files (x86)\Microsoft Visual Studio\2019\Community\Common7\IDE\Extensions\TestPlatform\Extensions\Microsoft.VisualStudio.TestTools.CppUnitTestFramework.CppUnitTestExtension.dll</ModulePath>
      <ModuleTime>2021-09-12T12:40:54.4656952Z</ModuleTime>
      <ModuleName>Microsoft.VisualStudio.TestTools.CppUnitTestFramework.CppUnitTestExtension</ModuleName>
      <Classes />
    </Module>
    <Module skippedDueTo="MissingPdb" hash="DC-0D-E5-CA-3A-2B-86-22-6B-51-D8-76-4D-6E-27-FE-18-75-ED-D9">
      <ModulePath>C:\Program Files (x86)\Microsoft Visual Studio\2019\Community\Common7\IDE\Extensions\TestPlatform\Extensions\Microsoft.VisualStudio.TestTools.DataCollection.MediaRecorder.Model.dll</ModulePath>
      <ModuleTime>2021-09-12T12:40:54.4666953Z</ModuleTime>
      <ModuleName>Microsoft.VisualStudio.TestTools.DataCollection.MediaRecorder.Model</ModuleName>
      <Classes />
    </Module>
    <Module skippedDueTo="MissingPdb" hash="8C-E2-7D-7D-E6-AC-DE-11-AC-1A-2B-66-28-2F-45-23-BA-23-9A-A7">
      <ModulePath>C:\Program Files (x86)\Microsoft Visual Studio\2019\Community\Common7\IDE\Extensions\TestPlatform\Extensions\Microsoft.VisualStudio.TestTools.DataCollection.VideoRecorderCollector.dll</ModulePath>
      <ModuleTime>2021-09-12T12:40:54.4696959Z</ModuleTime>
      <ModuleName>Microsoft.VisualStudio.TestTools.DataCollection.VideoRecorderCollector</ModuleName>
      <Classes />
    </Module>
    <Module skippedDueTo="MissingPdb" hash="CF-17-62-99-CA-3C-7D-A0-6B-8E-FB-ED-A2-9F-BA-28-3D-D8-E2-36">
      <ModulePath>C:\Program Files (x86)\Microsoft Visual Studio\2019\Community\Common7\IDE\Extensions\TestPlatform\Extensions\Microsoft.VisualStudio.TraceDataCollector.dll</ModulePath>
      <ModuleTime>2021-09-12T12:40:54.4736968Z</ModuleTime>
      <ModuleName>Microsoft.VisualStudio.TraceDataCollector</ModuleName>
      <Classes />
    </Module>
    <Module skippedDueTo="MissingPdb" hash="26-89-28-38-AF-9F-62-6D-82-5D-09-7E-28-90-EE-CE-C8-A4-26-19">
      <ModulePath>C:\Program Files (x86)\Microsoft Visual Studio\2019\Community\Common7\IDE\Extensions\TestPlatform\Microsoft.IntelliTrace.Core.dll</ModulePath>
      <ModuleTime>2021-09-12T12:40:54.9087763Z</ModuleTime>
      <ModuleName>Microsoft.IntelliTrace.Core</ModuleName>
      <Classes />
    </Module>
    <Module skippedDueTo="MissingPdb" hash="64-17-93-63-8D-0D-22-64-4A-7D-E9-30-DF-8F-6B-EA-F9-7F-E4-EA">
      <ModulePath>C:\Program Files (x86)\Microsoft Visual Studio\2019\Community\Common7\IDE\Extensions\TestPlatform\Extensions\Microsoft.VisualStudio.UwpTestHostRuntimeProvider.dll</ModulePath>
      <ModuleTime>2022-05-10T17:56:10.8948827Z</ModuleTime>
      <ModuleName>Microsoft.VisualStudio.UwpTestHostRuntimeProvider</ModuleName>
      <Classes />
    </Module>
    <Module skippedDueTo="MissingPdb" hash="3C-54-5F-44-D0-A7-E5-03-13-E9-9A-21-ED-AB-B9-D1-2A-EB-86-6B">
      <ModulePath>C:\Program Files (x86)\Microsoft Visual Studio\2019\Community\Common7\IDE\Extensions\TestPlatform\Microsoft.VisualStudio.Telemetry.dll</ModulePath>
      <ModuleTime>2022-05-10T17:56:10.9058972Z</ModuleTime>
      <ModuleName>Microsoft.VisualStudio.Telemetry</ModuleName>
      <Classes />
    </Module>
    <Module skippedDueTo="MissingPdb" hash="C7-21-15-66-51-F2-33-61-3C-BC-EB-F7-CF-01-AC-9C-0A-A6-E9-CB">
      <ModulePath>C:\Program Files (x86)\Microsoft Visual Studio\2019\Community\Common7\IDE\Extensions\TestPlatform\Microsoft.VisualStudio.UwpTestHostRuntimeProvider.Deployment.dll</ModulePath>
      <ModuleTime>2022-05-10T17:56:10.909885Z</ModuleTime>
      <ModuleName>Microsoft.VisualStudio.UwpTestHostRuntimeProvider.Deployment</ModuleName>
      <Classes />
    </Module>
    <Module skippedDueTo="MissingPdb" hash="67-D6-02-25-87-CC-5A-73-6A-F9-3A-1D-24-2F-87-D8-BD-4F-EF-CD">
      <ModulePath>C:\Program Files (x86)\Microsoft Visual Studio\2019\Community\Common7\IDE\Extensions\TestPlatform\Extensions\Mono.Cecil.dll</ModulePath>
      <ModuleTime>2021-09-12T12:40:54.4846996Z</ModuleTime>
      <ModuleName>Mono.Cecil</ModuleName>
      <Classes />
    </Module>
    <Module skippedDueTo="MissingPdb" hash="D3-EB-4D-8B-49-20-8A-0F-E8-0A-A3-44-71-D2-54-B6-17-DF-93-6B">
      <ModulePath>C:\Program Files (x86)\Microsoft Visual Studio\2019\Community\Common7\IDE\Extensions\TestPlatform\Extensions\Mono.Cecil.Pdb.dll</ModulePath>
      <ModuleTime>2021-09-12T12:40:54.4897005Z</ModuleTime>
      <ModuleName>Mono.Cecil.Pdb</ModuleName>
      <Classes />
    </Module>
    <Module skippedDueTo="Filter" hash="C0-58-56-82-FE-E8-BB-8D-03-0E-C3-94-5B-44-B4-A0-8C-FB-C6-12">
      <ModulePath>C:\Windows\Microsoft.Net\assembly\GAC_MSIL\System.IO\v4.0_4.0.0.0__b03f5f7f11d50a3a\System.IO.dll</ModulePath>
      <ModuleTime>2022-06-25T02:18:49.702053Z</ModuleTime>
      <ModuleName>System.IO</ModuleName>
      <Classes />
    </Module>
    <Module skippedDueTo="Filter" hash="42-D9-65-C3-A0-5C-9B-AB-4E-39-7A-0F-D1-2B-77-7F-25-19-83-E4">
      <ModulePath>C:\Windows\Microsoft.Net\assembly\GAC_MSIL\System.Reflection\v4.0_4.0.0.0__b03f5f7f11d50a3a\System.Reflection.dll</ModulePath>
      <ModuleTime>2022-06-25T02:18:49.7176819Z</ModuleTime>
      <ModuleName>System.Reflection</ModuleName>
      <Classes />
    </Module>
    <Module skippedDueTo="Filter" hash="D3-3E-96-3C-43-D1-59-84-BE-F1-10-82-DC-3E-01-C2-BB-42-B1-68">
      <ModulePath>C:\Windows\Microsoft.Net\assembly\GAC_MSIL\System.IO.FileSystem\v4.0_4.0.0.0__b03f5f7f11d50a3a\System.IO.FileSystem.dll</ModulePath>
      <ModuleTime>2022-06-25T02:18:49.702053Z</ModuleTime>
      <ModuleName>System.IO.FileSystem</ModuleName>
      <Classes />
    </Module>
    <Module skippedDueTo="Filter" hash="75-C4-E8-39-FB-50-01-D6-40-66-6E-09-99-C5-6D-7D-8F-E1-7D-EC">
      <ModulePath>C:\Windows\Microsoft.Net\assembly\GAC_MSIL\System.IO.MemoryMappedFiles\v4.0_4.0.0.0__b03f5f7f11d50a3a\System.IO.MemoryMappedFiles.dll</ModulePath>
      <ModuleTime>2022-06-25T02:18:49.702053Z</ModuleTime>
      <ModuleName>System.IO.MemoryMappedFiles</ModuleName>
      <Classes />
    </Module>
    <Module skippedDueTo="Filter" hash="0F-FE-9B-E4-E2-2A-74-37-83-EF-90-3A-DD-94-01-F5-FE-C9-62-A8">
      <ModulePath>C:\Windows\Microsoft.Net\assembly\GAC_MSIL\System.Runtime.Handles\v4.0_4.0.0.0__b03f5f7f11d50a3a\System.Runtime.Handles.dll</ModulePath>
      <ModuleTime>2022-06-25T02:18:49.7176819Z</ModuleTime>
      <ModuleName>System.Runtime.Handles</ModuleName>
      <Classes />
    </Module>
    <Module skippedDueTo="Filter" hash="51-94-F3-7A-20-5F-E3-7A-47-88-5A-DE-06-ED-7A-AE-E8-3D-24-A8">
      <ModulePath>C:\Windows\Microsoft.Net\assembly\GAC_MSIL\System.Reflection.Extensions\v4.0_4.0.0.0__b03f5f7f11d50a3a\System.Reflection.Extensions.dll</ModulePath>
      <ModuleTime>2022-06-25T02:18:49.7176819Z</ModuleTime>
      <ModuleName>System.Reflection.Extensions</ModuleName>
      <Classes />
    </Module>
    <Module skippedDueTo="Filter" hash="4F-6D-25-92-A9-51-D8-B2-3C-61-8C-DB-01-88-18-09-AA-52-59-0E">
      <ModulePath>C:\Windows\Microsoft.Net\assembly\GAC_MSIL\System.Threading\v4.0_4.0.0.0__b03f5f7f11d50a3a\System.Threading.dll</ModulePath>
      <ModuleTime>2022-06-25T02:18:49.7176819Z</ModuleTime>
      <ModuleName>System.Threading</ModuleName>
      <Classes />
    </Module>
    <Module skippedDueTo="Filter" hash="A6-55-24-06-A9-6E-DC-37-1F-1D-E3-92-AA-59-C4-1B-30-8A-56-90">
      <ModulePath>C:\Windows\Microsoft.Net\assembly\GAC_MSIL\System.Text.Encoding\v4.0_4.0.0.0__b03f5f7f11d50a3a\System.Text.Encoding.dll</ModulePath>
      <ModuleTime>2022-06-25T02:18:49.7176819Z</ModuleTime>
      <ModuleName>System.Text.Encoding</ModuleName>
      <Classes />
    </Module>
    <Module skippedDueTo="Filter" hash="41-E3-B4-E6-25-3E-E7-EC-7E-49-40-BF-43-79-FE-98-3A-EE-5D-81">
      <ModulePath>C:\Windows\Microsoft.Net\assembly\GAC_MSIL\System.Runtime.Extensions\v4.0_4.0.0.0__b03f5f7f11d50a3a\System.Runtime.Extensions.dll</ModulePath>
      <ModuleTime>2022-06-25T02:18:49.7176819Z</ModuleTime>
      <ModuleName>System.Runtime.Extensions</ModuleName>
      <Classes />
    </Module>
    <Module skippedDueTo="Filter" hash="31-1E-2B-50-28-6D-7D-03-3C-E3-4A-3C-4D-AC-55-F8-30-E4-6A-2C">
      <ModulePath>C:\Windows\Microsoft.Net\assembly\GAC_MSIL\System.Text.Encoding.Extensions\v4.0_4.0.0.0__b03f5f7f11d50a3a\System.Text.Encoding.Extensions.dll</ModulePath>
      <ModuleTime>2022-06-25T02:18:49.7176819Z</ModuleTime>
      <ModuleName>System.Text.Encoding.Extensions</ModuleName>
      <Classes />
    </Module>
    <Module skippedDueTo="MissingPdb" hash="3E-92-F8-A7-58-5B-33-A0-2E-BC-1D-61-FF-FE-64-A6-E2-6C-E6-99">
      <ModulePath>C:\Program Files (x86)\Microsoft Visual Studio\2019\Community\Common7\IDE\Extensions\TestPlatform\Microsoft.TestPlatform.CommunicationUtilities.dll</ModulePath>
      <ModuleTime>2021-09-12T12:40:54.9147767Z</ModuleTime>
      <ModuleName>Microsoft.TestPlatform.CommunicationUtilities</ModuleName>
      <Classes />
    </Module>
    <Module skippedDueTo="MissingPdb" hash="3B-A5-4A-97-2E-B6-0F-43-DF-E7-27-28-AA-D4-EA-E6-D2-79-70-BC">
      <ModulePath>C:\Program Files (x86)\Microsoft Visual Studio\2019\Community\Common7\IDE\Extensions\TestPlatform\Newtonsoft.Json.dll</ModulePath>
      <ModuleTime>2021-09-12T12:40:55.1868568Z</ModuleTime>
      <ModuleName>Newtonsoft.Json</ModuleName>
      <Classes />
    </Module>
    <Module skippedDueTo="MissingPdb" hash="E4-D2-3C-11-FE-63-25-B1-1B-09-DE-F7-6F-A5-06-10-5F-B1-E0-10">
      <ModulePath>C:\csad2425ki405rudyivv24\deploy\client\Microsoft.VisualStudio.TestPlatform.MSTest.TestAdapter.dll</ModulePath>
      <ModuleTime>2020-06-08T09:52:58Z</ModuleTime>
      <ModuleName>Microsoft.VisualStudio.TestPlatform.MSTest.TestAdapter</ModuleName>
      <Classes />
    </Module>
    <Module skippedDueTo="Filter" hash="D2-35-49-F0-AB-97-AC-CA-2A-A5-6C-1D-81-38-DF-EB-45-66-C9-FF">
      <ModulePath>C:\Windows\Microsoft.Net\assembly\GAC_MSIL\System.Resources.ResourceManager\v4.0_4.0.0.0__b03f5f7f11d50a3a\System.Resources.ResourceManager.dll</ModulePath>
      <ModuleTime>2022-06-25T02:18:49.7176819Z</ModuleTime>
      <ModuleName>System.Resources.ResourceManager</ModuleName>
      <Classes />
    </Module>
    <Module skippedDueTo="MissingPdb" hash="0C-28-09-D1-D0-60-08-83-54-0C-FF-3A-03-3E-89-C4-B1-B8-9F-08">
      <ModulePath>C:\csad2425ki405rudyivv24\deploy\client\Microsoft.VisualStudio.TestPlatform.TestFramework.dll</ModulePath>
      <ModuleTime>2020-06-08T09:46:50Z</ModuleTime>
      <ModuleName>Microsoft.VisualStudio.TestPlatform.TestFramework</ModuleName>
      <Classes />
    </Module>
    <Module skippedDueTo="MissingPdb" hash="E3-EB-03-22-B9-3B-F9-4D-B1-74-2E-53-D6-B0-1B-AC-C6-07-4B-62">
      <ModulePath>C:\csad2425ki405rudyivv24\deploy\client\Microsoft.VisualStudio.TestPlatform.MSTestAdapter.PlatformServices.Interface.dll</ModulePath>
      <ModuleTime>2020-06-08T09:50:54Z</ModuleTime>
      <ModuleName>Microsoft.VisualStudio.TestPlatform.MSTestAdapter.PlatformServices.Interface</ModuleName>
      <Classes />
    </Module>
    <Module skippedDueTo="MissingPdb" hash="0B-5B-D3-E4-D9-18-57-28-D8-3D-98-EC-26-59-5E-61-28-11-C6-AA">
      <ModulePath>C:\csad2425ki405rudyivv24\deploy\client\Microsoft.VisualStudio.TestPlatform.MSTestAdapter.PlatformServices.dll</ModulePath>
      <ModuleTime>2020-06-08T09:56:52Z</ModuleTime>
      <ModuleName>Microsoft.VisualStudio.TestPlatform.MSTestAdapter.PlatformServices</ModuleName>
      <Classes />
    </Module>
    <Module skippedDueTo="Filter" hash="B6-FA-E2-A6-E9-85-76-CB-28-07-1C-0E-0E-86-6C-8C-62-6A-0F-E9">
      <ModulePath>C:\Windows\Microsoft.Net\assembly\GAC_MSIL\System.ComponentModel.Composition\v4.0_4.0.0.0__b77a5c561934e089\System.ComponentModel.Composition.dll</ModulePath>
      <ModuleTime>2022-06-25T02:18:50.0301789Z</ModuleTime>
      <ModuleName>System.ComponentModel.Composition</ModuleName>
      <Classes />
    </Module>
    <Module skippedDueTo="Filter" hash="24-31-BF-FB-E1-B5-CC-D5-CE-59-7D-EC-71-25-2D-4A-6F-9F-99-EA">
      <ModulePath>C:\Windows\Microsoft.Net\assembly\GAC_MSIL\System.Collections\v4.0_4.0.0.0__b03f5f7f11d50a3a\System.Collections.dll</ModulePath>
      <ModuleTime>2022-06-25T02:18:49.6864282Z</ModuleTime>
      <ModuleName>System.Collections</ModuleName>
      <Classes />
    </Module>
    <Module skippedDueTo="Filter" hash="F6-3A-6D-F7-38-DF-12-A5-72-D0-01-66-A1-DE-49-2A-0E-F8-66-7D">
      <ModulePath>C:\Windows\Microsoft.Net\assembly\GAC_MSIL\System.Linq\v4.0_4.0.0.0__b03f5f7f11d50a3a\System.Linq.dll</ModulePath>
      <ModuleTime>2022-06-25T02:18:49.702053Z</ModuleTime>
      <ModuleName>System.Linq</ModuleName>
      <Classes />
    </Module>
    <Module skippedDueTo="Filter" hash="C9-58-33-D9-71-87-EF-69-87-46-9F-01-A5-58-75-16-55-BE-CC-15">
      <ModulePath>C:\Windows\Microsoft.Net\assembly\GAC_MSIL\System.Xml.ReaderWriter\v4.0_4.0.0.0__b03f5f7f11d50a3a\System.Xml.ReaderWriter.dll</ModulePath>
      <ModuleTime>2022-06-25T02:18:49.7333193Z</ModuleTime>
      <ModuleName>System.Xml.ReaderWriter</ModuleName>
      <Classes />
    </Module>
    <Module skippedDueTo="Filter" hash="33-F4-0E-80-9D-24-07-16-1A-40-AA-76-10-17-23-52-B1-1D-57-61">
      <ModulePath>C:\Windows\Microsoft.Net\assembly\GAC_MSIL\System.Xml.XDocument\v4.0_4.0.0.0__b03f5f7f11d50a3a\System.Xml.XDocument.dll</ModulePath>
      <ModuleTime>2022-06-25T02:18:49.7333193Z</ModuleTime>
      <ModuleName>System.Xml.XDocument</ModuleName>
      <Classes />
    </Module>
    <Module skippedDueTo="Filter" hash="75-3E-62-C9-90-48-94-4C-76-71-0D-E9-10-3D-80-58-08-1B-DE-FE">
      <ModulePath>C:\Windows\Microsoft.Net\assembly\GAC_MSIL\System.Xml.Linq\v4.0_4.0.0.0__b77a5c561934e089\System.Xml.Linq.dll</ModulePath>
      <ModuleTime>2022-06-25T02:18:50.0614355Z</ModuleTime>
      <ModuleName>System.Xml.Linq</ModuleName>
      <Classes />
    </Module>
    <Module skippedDueTo="Filter" hash="D0-13-01-1F-8D-09-6E-49-BD-B6-49-91-BC-70-B4-00-7B-C5-24-03">
      <ModulePath>C:\Windows\Microsoft.Net\assembly\GAC_MSIL\System.Globalization\v4.0_4.0.0.0__b03f5f7f11d50a3a\System.Globalization.dll</ModulePath>
      <ModuleTime>2022-06-25T02:18:49.702053Z</ModuleTime>
      <ModuleName>System.Globalization</ModuleName>
      <Classes />
    </Module>
    <Module skippedDueTo="MissingPdb" hash="DE-56-56-39-4A-E3-0C-7B-75-0D-9D-A8-86-1A-0F-93-AE-80-BA-25">
      <ModulePath>C:\Program Files (x86)\Microsoft Visual Studio\2019\Community\Common7\IDE\Extensions\TestPlatform\Microsoft.VisualStudio.TestPlatform.ObjectModel.dll</ModulePath>
      <ModuleTime>2021-09-12T12:40:55.1078393Z</ModuleTime>
      <ModuleName>Microsoft.VisualStudio.TestPlatform.ObjectModel</ModuleName>
      <Classes />
    </Module>
    <Module hash="DC-FC-55-F1-72-33-0E-DF-0A-8B-DD-7C-99-60-A5-E1-3E-10-BF-56">
      <Summary numSequencePoints="639" visitedSequencePoints="623" numBranchPoints="104" visitedBranchPoints="84" sequenceCoverage="97.50" branchCoverage="80.77" maxCyclomaticComplexity="26" minCyclomaticComplexity="0" maxCrapScore="26" minCrapScore="0" visitedClasses="4" numClasses="4" visitedMethods="71" numMethods="74" />
      <ModulePath>C:\csad2425ki405rudyivv24\deploy\client\UnitTestProject1.dll</ModulePath>
      <ModuleTime>2024-12-29T17:41:51.0519713Z</ModuleTime>
      <ModuleName>UnitTestProject1</ModuleName>
      <Files>
        <File uid="1" fullPath="C:\csad2425ki405rudyivv24\client\UnitTestProject1\UnitTest1.cs" />
      </Files>
      <Classes>
        <Class>
          <Summary numSequencePoints="0" visitedSequencePoints="0" numBranchPoints="0" visitedBranchPoints="0" sequenceCoverage="0" branchCoverage="0" maxCyclomaticComplexity="0" minCyclomaticComplexity="0" maxCrapScore="0" minCrapScore="0" visitedClasses="0" numClasses="0" visitedMethods="0" numMethods="0" />
          <FullName>&lt;Module&gt;</FullName>
          <Methods />
        </Class>
        <Class>
          <Summary numSequencePoints="619" visitedSequencePoints="610" numBranchPoints="94" visitedBranchPoints="77" sequenceCoverage="98.55" branchCoverage="81.91" maxCyclomaticComplexity="26" minCyclomaticComplexity="1" maxCrapScore="26" minCrapScore="1" visitedClasses="1" numClasses="1" visitedMethods="64" numMethods="64" />
          <FullName>testingMenu.UnitTest1</FullName>
          <Methods>
            <Method visited="true" cyclomaticComplexity="26" nPathComplexity="2048" sequenceCoverage="100" branchCoverage="52.17" crapScore="26" isConstructor="false" isStatic="false" isGetter="false" isSetter="false">
              <Summary numSequencePoints="35" visitedSequencePoints="35" numBranchPoints="23" visitedBranchPoints="12" sequenceCoverage="100" branchCoverage="52.17" maxCyclomaticComplexity="26" minCyclomaticComplexity="26" maxCrapScore="26" minCrapScore="26" visitedClasses="0" numClasses="0" visitedMethods="1" numMethods="1" />
              <MetadataToken>100663297</MetadataToken>
              <Name>System.Void testingMenu.UnitTest1::ModMenu_ShouldSetCorrectVisibility()</Name>
              <FileRef uid="1" />
              <SequencePoints>
                <SequencePoint vc="1" uspid="1" ordinal="0" offset="0" sl="22" sc="13" el="22" ec="52" bec="0" bev="0" fileid="1" />
                <SequencePoint vc="1" uspid="2" ordinal="1" offset="6" sl="24" sc="20" el="24" ec="77" bec="0" bev="0" fileid="1" />
                <SequencePoint vc="1" uspid="3" ordinal="2" offset="14" sl="26" sc="17" el="26" ec="65" bec="0" bev="0" fileid="1" />
                <SequencePoint vc="1" uspid="4" ordinal="3" offset="40" sl="27" sc="13" el="27" ec="14" bec="0" bev="0" fileid="1" />
                <SequencePoint vc="1" uspid="5" ordinal="4" offset="52" sl="29" sc="20" el="29" ec="46" bec="0" bev="0" fileid="1" />
                <SequencePoint vc="1" uspid="6" ordinal="5" offset="58" sl="31" sc="17" el="31" ec="33" bec="0" bev="0" fileid="1" />
                <SequencePoint vc="1" uspid="7" ordinal="6" offset="64" sl="32" sc="17" el="32" ec="42" bec="0" bev="0" fileid="1" />
                <SequencePoint vc="1" uspid="8" ordinal="7" offset="70" sl="34" sc="17" el="34" ec="36" bec="0" bev="0" fileid="1" />
                <SequencePoint vc="1" uspid="9" ordinal="8" offset="76" sl="36" sc="24" el="36" ec="81" bec="0" bev="0" fileid="1" />
                <SequencePoint vc="1" uspid="10" ordinal="9" offset="84" sl="38" sc="21" el="38" ec="138" bec="2" bev="1" fileid="1" />
                <SequencePoint vc="1" uspid="11" ordinal="10" offset="115" sl="39" sc="21" el="39" ec="91" bec="0" bev="0" fileid="1" />
                <SequencePoint vc="1" uspid="12" ordinal="11" offset="136" sl="41" sc="21" el="41" ec="141" bec="2" bev="1" fileid="1" />
                <SequencePoint vc="1" uspid="13" ordinal="12" offset="167" sl="42" sc="21" el="42" ec="93" bec="0" bev="0" fileid="1" />
                <SequencePoint vc="1" uspid="14" ordinal="13" offset="188" sl="44" sc="21" el="44" ec="141" bec="2" bev="1" fileid="1" />
                <SequencePoint vc="1" uspid="15" ordinal="14" offset="219" sl="45" sc="21" el="45" ec="93" bec="0" bev="0" fileid="1" />
                <SequencePoint vc="1" uspid="16" ordinal="15" offset="240" sl="47" sc="21" el="47" ec="138" bec="2" bev="1" fileid="1" />
                <SequencePoint vc="1" uspid="17" ordinal="16" offset="271" sl="48" sc="21" el="48" ec="91" bec="0" bev="0" fileid="1" />
                <SequencePoint vc="1" uspid="18" ordinal="17" offset="292" sl="50" sc="21" el="50" ec="153" bec="2" bev="1" fileid="1" />
                <SequencePoint vc="1" uspid="19" ordinal="18" offset="323" sl="51" sc="21" el="51" ec="101" bec="0" bev="0" fileid="1" />
                <SequencePoint vc="1" uspid="20" ordinal="19" offset="344" sl="53" sc="21" el="53" ec="136" bec="2" bev="1" fileid="1" />
                <SequencePoint vc="1" uspid="21" ordinal="20" offset="375" sl="54" sc="21" el="54" ec="89" bec="0" bev="0" fileid="1" />
                <SequencePoint vc="1" uspid="22" ordinal="21" offset="396" sl="56" sc="21" el="56" ec="136" bec="2" bev="1" fileid="1" />
                <SequencePoint vc="1" uspid="23" ordinal="22" offset="427" sl="57" sc="21" el="57" ec="89" bec="0" bev="0" fileid="1" />
                <SequencePoint vc="1" uspid="24" ordinal="23" offset="448" sl="59" sc="21" el="59" ec="136" bec="2" bev="1" fileid="1" />
                <SequencePoint vc="1" uspid="25" ordinal="24" offset="479" sl="60" sc="21" el="60" ec="89" bec="0" bev="0" fileid="1" />
                <SequencePoint vc="1" uspid="26" ordinal="25" offset="500" sl="62" sc="21" el="62" ec="139" bec="2" bev="1" fileid="1" />
                <SequencePoint vc="1" uspid="27" ordinal="26" offset="531" sl="63" sc="21" el="63" ec="91" bec="0" bev="0" fileid="1" />
                <SequencePoint vc="1" uspid="28" ordinal="27" offset="552" sl="65" sc="21" el="65" ec="139" bec="2" bev="1" fileid="1" />
                <SequencePoint vc="1" uspid="29" ordinal="28" offset="583" sl="66" sc="21" el="66" ec="91" bec="0" bev="0" fileid="1" />
                <SequencePoint vc="1" uspid="30" ordinal="29" offset="604" sl="68" sc="21" el="68" ec="139" bec="2" bev="1" fileid="1" />
                <SequencePoint vc="1" uspid="31" ordinal="30" offset="635" sl="69" sc="21" el="69" ec="91" bec="0" bev="0" fileid="1" />
                <SequencePoint vc="1" uspid="32" ordinal="31" offset="656" sl="70" sc="17" el="70" ec="18" bec="0" bev="0" fileid="1" />
                <SequencePoint vc="1" uspid="33" ordinal="32" offset="668" sl="72" sc="17" el="72" ec="34" bec="0" bev="0" fileid="1" />
                <SequencePoint vc="1" uspid="34" ordinal="33" offset="674" sl="73" sc="13" el="73" ec="14" bec="0" bev="0" fileid="1" />
                <SequencePoint vc="1" uspid="35" ordinal="34" offset="686" sl="74" sc="9" el="74" ec="10" bec="0" bev="0" fileid="1" />
              </SequencePoints>
              <BranchPoints>
                <BranchPoint vc="0" uspid="36" ordinal="0" offset="96" sl="38" path="0" offsetend="98" fileid="1" />
                <BranchPoint vc="1" uspid="37" ordinal="1" offset="96" sl="38" path="1" offsetend="105" fileid="1" />
                <BranchPoint vc="0" uspid="38" ordinal="2" offset="148" sl="41" path="0" offsetend="150" fileid="1" />
                <BranchPoint vc="1" uspid="39" ordinal="3" offset="148" sl="41" path="1" offsetend="157" fileid="1" />
                <BranchPoint vc="0" uspid="40" ordinal="4" offset="200" sl="44" path="0" offsetend="202" fileid="1" />
                <BranchPoint vc="1" uspid="41" ordinal="5" offset="200" sl="44" path="1" offsetend="209" fileid="1" />
                <BranchPoint vc="0" uspid="42" ordinal="6" offset="252" sl="47" path="0" offsetend="254" fileid="1" />
                <BranchPoint vc="1" uspid="43" ordinal="7" offset="252" sl="47" path="1" offsetend="261" fileid="1" />
                <BranchPoint vc="0" uspid="44" ordinal="8" offset="304" sl="50" path="0" offsetend="306" fileid="1" />
                <BranchPoint vc="1" uspid="45" ordinal="9" offset="304" sl="50" path="1" offsetend="313" fileid="1" />
                <BranchPoint vc="0" uspid="46" ordinal="10" offset="356" sl="53" path="0" offsetend="358" fileid="1" />
                <BranchPoint vc="1" uspid="47" ordinal="11" offset="356" sl="53" path="1" offsetend="365" fileid="1" />
                <BranchPoint vc="0" uspid="48" ordinal="12" offset="408" sl="56" path="0" offsetend="410" fileid="1" />
                <BranchPoint vc="1" uspid="49" ordinal="13" offset="408" sl="56" path="1" offsetend="417" fileid="1" />
                <BranchPoint vc="0" uspid="50" ordinal="14" offset="460" sl="59" path="0" offsetend="462" fileid="1" />
                <BranchPoint vc="1" uspid="51" ordinal="15" offset="460" sl="59" path="1" offsetend="469" fileid="1" />
                <BranchPoint vc="0" uspid="52" ordinal="16" offset="512" sl="62" path="0" offsetend="514" fileid="1" />
                <BranchPoint vc="1" uspid="53" ordinal="17" offset="512" sl="62" path="1" offsetend="521" fileid="1" />
                <BranchPoint vc="0" uspid="54" ordinal="18" offset="564" sl="65" path="0" offsetend="566" fileid="1" />
                <BranchPoint vc="1" uspid="55" ordinal="19" offset="564" sl="65" path="1" offsetend="573" fileid="1" />
                <BranchPoint vc="0" uspid="56" ordinal="20" offset="616" sl="68" path="0" offsetend="618" fileid="1" />
                <BranchPoint vc="1" uspid="57" ordinal="21" offset="616" sl="68" path="1" offsetend="625" fileid="1" />
              </BranchPoints>
              <MethodPoint xsi:type="SequencePoint" vc="1" uspid="1" ordinal="0" offset="0" sl="22" sc="13" el="22" ec="52" bec="0" bev="0" fileid="1" />
            </Method>
            <Method visited="true" cyclomaticComplexity="1" nPathComplexity="0" sequenceCoverage="100" branchCoverage="100" crapScore="1" isConstructor="false" isStatic="false" isGetter="false" isSetter="false">
              <Summary numSequencePoints="5" visitedSequencePoints="5" numBranchPoints="1" visitedBranchPoints="1" sequenceCoverage="100" branchCoverage="100" maxCyclomaticComplexity="1" minCyclomaticComplexity="1" maxCrapScore="1" minCrapScore="1" visitedClasses="0" numClasses="0" visitedMethods="1" numMethods="1" />
              <MetadataToken>100663298</MetadataToken>
              <Name>System.Void testingMenu.UnitTest1::Button3_Click_ShouldSetModeToManVsManAndCallPlayer1()</Name>
              <FileRef uid="1" />
              <SequencePoints>
                <SequencePoint vc="1" uspid="58" ordinal="0" offset="0" sl="106" sc="13" el="106" ec="40" bec="0" bev="0" fileid="1" />
                <SequencePoint vc="1" uspid="59" ordinal="1" offset="6" sl="109" sc="13" el="109" ec="55" bec="0" bev="0" fileid="1" />
                <SequencePoint vc="1" uspid="60" ordinal="2" offset="18" sl="113" sc="13" el="113" ec="85" bec="0" bev="0" fileid="1" />
                <SequencePoint vc="1" uspid="61" ordinal="3" offset="34" sl="116" sc="13" el="116" ec="99" bec="0" bev="0" fileid="1" />
                <SequencePoint vc="1" uspid="62" ordinal="4" offset="55" sl="117" sc="9" el="117" ec="10" bec="0" bev="0" fileid="1" />
              </SequencePoints>
              <BranchPoints />
              <MethodPoint xsi:type="SequencePoint" vc="1" uspid="58" ordinal="0" offset="0" sl="106" sc="13" el="106" ec="40" bec="0" bev="0" fileid="1" />
            </Method>
            <Method visited="true" cyclomaticComplexity="1" nPathComplexity="0" sequenceCoverage="100" branchCoverage="100" crapScore="1" isConstructor="false" isStatic="false" isGetter="false" isSetter="false">
              <Summary numSequencePoints="5" visitedSequencePoints="5" numBranchPoints="1" visitedBranchPoints="1" sequenceCoverage="100" branchCoverage="100" maxCyclomaticComplexity="1" minCyclomaticComplexity="1" maxCrapScore="1" minCrapScore="1" visitedClasses="0" numClasses="0" visitedMethods="1" numMethods="1" />
              <MetadataToken>100663299</MetadataToken>
              <Name>System.Void testingMenu.UnitTest1::Button3_Click_ShouldNotChangeOtherUIElements()</Name>
              <FileRef uid="1" />
              <SequencePoints>
                <SequencePoint vc="1" uspid="63" ordinal="0" offset="0" sl="123" sc="13" el="123" ec="40" bec="0" bev="0" fileid="1" />
                <SequencePoint vc="1" uspid="64" ordinal="1" offset="6" sl="124" sc="13" el="124" ec="58" bec="0" bev="0" fileid="1" />
                <SequencePoint vc="1" uspid="65" ordinal="2" offset="17" sl="127" sc="13" el="127" ec="55" bec="0" bev="0" fileid="1" />
                <SequencePoint vc="1" uspid="66" ordinal="3" offset="29" sl="131" sc="13" el="131" ec="109" bec="0" bev="0" fileid="1" />
                <SequencePoint vc="1" uspid="67" ordinal="4" offset="50" sl="132" sc="9" el="132" ec="10" bec="0" bev="0" fileid="1" />
              </SequencePoints>
              <BranchPoints />
              <MethodPoint xsi:type="SequencePoint" vc="1" uspid="63" ordinal="0" offset="0" sl="123" sc="13" el="123" ec="40" bec="0" bev="0" fileid="1" />
            </Method>
            <Method visited="true" cyclomaticComplexity="1" nPathComplexity="0" sequenceCoverage="100" branchCoverage="100" crapScore="1" isConstructor="false" isStatic="false" isGetter="false" isSetter="false">
              <Summary numSequencePoints="8" visitedSequencePoints="8" numBranchPoints="1" visitedBranchPoints="1" sequenceCoverage="100" branchCoverage="100" maxCyclomaticComplexity="1" minCyclomaticComplexity="1" maxCrapScore="1" minCrapScore="1" visitedClasses="0" numClasses="0" visitedMethods="1" numMethods="1" />
              <MetadataToken>100663300</MetadataToken>
              <Name>System.Void testingMenu.UnitTest1::Player1_ShouldChangePanelVisibility()</Name>
              <FileRef uid="1" />
              <SequencePoints>
                <SequencePoint vc="1" uspid="68" ordinal="0" offset="0" sl="138" sc="13" el="138" ec="40" bec="0" bev="0" fileid="1" />
                <SequencePoint vc="1" uspid="69" ordinal="1" offset="5" sl="141" sc="13" el="141" ec="28" bec="0" bev="0" fileid="1" />
                <SequencePoint vc="1" uspid="70" ordinal="2" offset="11" sl="142" sc="13" el="142" ec="25" bec="0" bev="0" fileid="1" />
                <SequencePoint vc="1" uspid="71" ordinal="3" offset="17" sl="144" sc="13" el="144" ec="78" bec="0" bev="0" fileid="1" />
                <SequencePoint vc="1" uspid="72" ordinal="4" offset="38" sl="145" sc="13" el="145" ec="78" bec="0" bev="0" fileid="1" />
                <SequencePoint vc="1" uspid="73" ordinal="5" offset="59" sl="146" sc="13" el="146" ec="79" bec="0" bev="0" fileid="1" />
                <SequencePoint vc="1" uspid="74" ordinal="6" offset="80" sl="147" sc="13" el="147" ec="26" bec="0" bev="0" fileid="1" />
                <SequencePoint vc="1" uspid="75" ordinal="7" offset="85" sl="148" sc="9" el="148" ec="10" bec="0" bev="0" fileid="1" />
              </SequencePoints>
              <BranchPoints />
              <MethodPoint xsi:type="SequencePoint" vc="1" uspid="68" ordinal="0" offset="0" sl="138" sc="13" el="138" ec="40" bec="0" bev="0" fileid="1" />
            </Method>
            <Method visited="true" cyclomaticComplexity="1" nPathComplexity="0" sequenceCoverage="100" branchCoverage="100" crapScore="1" isConstructor="false" isStatic="false" isGetter="false" isSetter="false">
              <Summary numSequencePoints="7" visitedSequencePoints="7" numBranchPoints="1" visitedBranchPoints="1" sequenceCoverage="100" branchCoverage="100" maxCyclomaticComplexity="1" minCyclomaticComplexity="1" maxCrapScore="1" minCrapScore="1" visitedClasses="0" numClasses="0" visitedMethods="1" numMethods="1" />
              <MetadataToken>100663301</MetadataToken>
              <Name>System.Void testingMenu.UnitTest1::Player1_ShouldStartTimerForAI_VS_AI()</Name>
              <FileRef uid="1" />
              <SequencePoints>
                <SequencePoint vc="1" uspid="76" ordinal="0" offset="0" sl="154" sc="13" el="154" ec="40" bec="0" bev="0" fileid="1" />
                <SequencePoint vc="1" uspid="77" ordinal="1" offset="5" sl="155" sc="13" el="155" ec="36" bec="0" bev="0" fileid="1" />
                <SequencePoint vc="1" uspid="78" ordinal="2" offset="16" sl="156" sc="13" el="156" ec="35" bec="0" bev="0" fileid="1" />
                <SequencePoint vc="1" uspid="79" ordinal="3" offset="23" sl="159" sc="13" el="159" ec="28" bec="0" bev="0" fileid="1" />
                <SequencePoint vc="1" uspid="80" ordinal="4" offset="29" sl="163" sc="13" el="163" ec="80" bec="0" bev="0" fileid="1" />
                <SequencePoint vc="1" uspid="81" ordinal="5" offset="45" sl="164" sc="13" el="164" ec="79" bec="0" bev="0" fileid="1" />
                <SequencePoint vc="1" uspid="82" ordinal="6" offset="65" sl="165" sc="9" el="165" ec="10" bec="0" bev="0" fileid="1" />
              </SequencePoints>
              <BranchPoints />
              <MethodPoint xsi:type="SequencePoint" vc="1" uspid="76" ordinal="0" offset="0" sl="154" sc="13" el="154" ec="40" bec="0" bev="0" fileid="1" />
            </Method>
            <Method visited="true" cyclomaticComplexity="4" nPathComplexity="4" sequenceCoverage="80.95" branchCoverage="40" crapScore="4.11" isConstructor="false" isStatic="false" isGetter="false" isSetter="false">
              <Summary numSequencePoints="21" visitedSequencePoints="17" numBranchPoints="5" visitedBranchPoints="2" sequenceCoverage="80.95" branchCoverage="40" maxCyclomaticComplexity="4" minCyclomaticComplexity="4" maxCrapScore="4.11" minCrapScore="4.11" visitedClasses="0" numClasses="0" visitedMethods="1" numMethods="1" />
              <MetadataToken>100663302</MetadataToken>
              <Name>System.Void testingMenu.UnitTest1::Player1_ShouldClickOneRandomButton()</Name>
              <FileRef uid="1" />
              <SequencePoints>
                <SequencePoint vc="1" uspid="83" ordinal="0" offset="6" sl="170" sc="13" el="170" ec="40" bec="0" bev="0" fileid="1" />
                <SequencePoint vc="1" uspid="84" ordinal="1" offset="12" sl="171" sc="13" el="171" ec="36" bec="0" bev="0" fileid="1" />
                <SequencePoint vc="1" uspid="85" ordinal="2" offset="23" sl="173" sc="13" el="173" ec="41" bec="0" bev="0" fileid="1" />
                <SequencePoint vc="1" uspid="86" ordinal="3" offset="30" sl="174" sc="13" el="174" ec="41" bec="0" bev="0" fileid="1" />
                <SequencePoint vc="1" uspid="87" ordinal="4" offset="37" sl="175" sc="13" el="175" ec="41" bec="0" bev="0" fileid="1" />
                <SequencePoint vc="1" uspid="88" ordinal="5" offset="44" sl="178" sc="13" el="182" ec="15" bec="0" bev="0" fileid="1" />
                <SequencePoint vc="1" uspid="89" ordinal="6" offset="67" sl="183" sc="13" el="187" ec="15" bec="0" bev="0" fileid="1" />
                <SequencePoint vc="1" uspid="90" ordinal="7" offset="90" sl="188" sc="13" el="192" ec="15" bec="0" bev="0" fileid="1" />
                <SequencePoint vc="1" uspid="91" ordinal="8" offset="113" sl="195" sc="13" el="195" ec="35" bec="0" bev="0" fileid="1" />
                <SequencePoint vc="1" uspid="92" ordinal="9" offset="120" sl="198" sc="13" el="198" ec="28" bec="0" bev="0" fileid="1" />
                <SequencePoint vc="1" uspid="93" ordinal="10" offset="126" sl="199" sc="13" el="199" ec="25" bec="0" bev="0" fileid="1" />
                <SequencePoint vc="1" uspid="94" ordinal="11" offset="132" sl="201" sc="13" el="201" ec="56" bec="4" bev="1" fileid="1" />
                <SequencePoint vc="0" uspid="95" ordinal="12" offset="167" sl="206" sc="21" el="206" ec="49" bec="0" bev="0" fileid="1" />
                <SequencePoint vc="0" uspid="96" ordinal="13" offset="178" sl="207" sc="21" el="207" ec="27" bec="0" bev="0" fileid="1" />
                <SequencePoint vc="0" uspid="97" ordinal="14" offset="180" sl="209" sc="21" el="209" ec="49" bec="0" bev="0" fileid="1" />
                <SequencePoint vc="0" uspid="98" ordinal="15" offset="191" sl="210" sc="21" el="210" ec="27" bec="0" bev="0" fileid="1" />
                <SequencePoint vc="1" uspid="99" ordinal="16" offset="193" sl="212" sc="21" el="212" ec="49" bec="0" bev="0" fileid="1" />
                <SequencePoint vc="1" uspid="100" ordinal="17" offset="204" sl="217" sc="13" el="217" ec="48" bec="0" bev="0" fileid="1" />
                <SequencePoint vc="1" uspid="101" ordinal="18" offset="214" sl="220" sc="13" el="220" ec="114" bec="0" bev="0" fileid="1" />
                <SequencePoint vc="1" uspid="102" ordinal="19" offset="244" sl="221" sc="13" el="221" ec="26" bec="0" bev="0" fileid="1" />
                <SequencePoint vc="1" uspid="103" ordinal="20" offset="250" sl="222" sc="9" el="222" ec="10" bec="0" bev="0" fileid="1" />
              </SequencePoints>
              <BranchPoints>
                <BranchPoint vc="0" uspid="104" ordinal="0" offset="148" sl="201" path="0" offsetchain="165" offsetend="204" fileid="1" />
                <BranchPoint vc="0" uspid="105" ordinal="1" offset="148" sl="201" path="1" offsetend="167" fileid="1" />
                <BranchPoint vc="0" uspid="106" ordinal="2" offset="148" sl="201" path="2" offsetend="180" fileid="1" />
                <BranchPoint vc="1" uspid="107" ordinal="3" offset="148" sl="201" path="3" offsetend="193" fileid="1" />
              </BranchPoints>
              <MethodPoint vc="1" uspid="108" ordinal="0" offset="0" />
            </Method>
            <Method visited="true" cyclomaticComplexity="1" nPathComplexity="0" sequenceCoverage="100" branchCoverage="100" crapScore="1" isConstructor="false" isStatic="false" isGetter="false" isSetter="false">
              <Summary numSequencePoints="17" visitedSequencePoints="17" numBranchPoints="1" visitedBranchPoints="1" sequenceCoverage="100" branchCoverage="100" maxCyclomaticComplexity="1" minCyclomaticComplexity="1" maxCrapScore="1" minCrapScore="1" visitedClasses="0" numClasses="0" visitedMethods="1" numMethods="1" />
              <MetadataToken>100663303</MetadataToken>
              <Name>System.Void testingMenu.UnitTest1::FinalAction_ShouldHandleTieRock1()</Name>
              <FileRef uid="1" />
              <SequencePoints>
                <SequencePoint vc="1" uspid="109" ordinal="0" offset="0" sl="227" sc="13" el="227" ec="40" bec="0" bev="0" fileid="1" />
                <SequencePoint vc="1" uspid="110" ordinal="1" offset="6" sl="228" sc="13" el="228" ec="36" bec="0" bev="0" fileid="1" />
                <SequencePoint vc="1" uspid="111" ordinal="2" offset="17" sl="229" sc="13" el="229" ec="77" bec="0" bev="0" fileid="1" />
                <SequencePoint vc="1" uspid="112" ordinal="3" offset="23" sl="230" sc="13" el="230" ec="50" bec="0" bev="0" fileid="1" />
                <SequencePoint vc="1" uspid="113" ordinal="4" offset="29" sl="231" sc="13" el="231" ec="50" bec="0" bev="0" fileid="1" />
                <SequencePoint vc="1" uspid="114" ordinal="5" offset="35" sl="234" sc="13" el="234" ec="50" bec="0" bev="0" fileid="1" />
                <SequencePoint vc="1" uspid="115" ordinal="6" offset="46" sl="235" sc="13" el="235" ec="50" bec="0" bev="0" fileid="1" />
                <SequencePoint vc="1" uspid="116" ordinal="7" offset="57" sl="236" sc="13" el="236" ec="39" bec="0" bev="0" fileid="1" />
                <SequencePoint vc="1" uspid="117" ordinal="8" offset="68" sl="237" sc="13" el="237" ec="40" bec="0" bev="0" fileid="1" />
                <SequencePoint vc="1" uspid="118" ordinal="9" offset="79" sl="238" sc="13" el="238" ec="40" bec="0" bev="0" fileid="1" />
                <SequencePoint vc="1" uspid="119" ordinal="10" offset="90" sl="241" sc="13" el="241" ec="60" bec="0" bev="0" fileid="1" />
                <SequencePoint vc="1" uspid="120" ordinal="11" offset="99" sl="244" sc="13" el="244" ec="93" bec="0" bev="0" fileid="1" />
                <SequencePoint vc="1" uspid="121" ordinal="12" offset="120" sl="245" sc="13" el="245" ec="101" bec="0" bev="0" fileid="1" />
                <SequencePoint vc="1" uspid="122" ordinal="13" offset="146" sl="246" sc="13" el="246" ec="110" bec="0" bev="0" fileid="1" />
                <SequencePoint vc="1" uspid="123" ordinal="14" offset="170" sl="247" sc="13" el="247" ec="110" bec="0" bev="0" fileid="1" />
                <SequencePoint vc="1" uspid="124" ordinal="15" offset="194" sl="248" sc="13" el="248" ec="94" bec="0" bev="0" fileid="1" />
                <SequencePoint vc="1" uspid="125" ordinal="16" offset="215" sl="249" sc="9" el="249" ec="10" bec="0" bev="0" fileid="1" />
              </SequencePoints>
              <BranchPoints />
              <MethodPoint xsi:type="SequencePoint" vc="1" uspid="109" ordinal="0" offset="0" sl="227" sc="13" el="227" ec="40" bec="0" bev="0" fileid="1" />
            </Method>
            <Method visited="true" cyclomaticComplexity="1" nPathComplexity="0" sequenceCoverage="100" branchCoverage="100" crapScore="1" isConstructor="false" isStatic="false" isGetter="false" isSetter="false">
              <Summary numSequencePoints="16" visitedSequencePoints="16" numBranchPoints="1" visitedBranchPoints="1" sequenceCoverage="100" branchCoverage="100" maxCyclomaticComplexity="1" minCyclomaticComplexity="1" maxCrapScore="1" minCrapScore="1" visitedClasses="0" numClasses="0" visitedMethods="1" numMethods="1" />
              <MetadataToken>100663304</MetadataToken>
              <Name>System.Void testingMenu.UnitTest1::FinalAction_ShouldHandleTiePaper()</Name>
              <FileRef uid="1" />
              <SequencePoints>
                <SequencePoint vc="1" uspid="126" ordinal="0" offset="0" sl="254" sc="13" el="254" ec="40" bec="0" bev="0" fileid="1" />
                <SequencePoint vc="1" uspid="127" ordinal="1" offset="6" sl="255" sc="13" el="255" ec="78" bec="0" bev="0" fileid="1" />
                <SequencePoint vc="1" uspid="128" ordinal="2" offset="12" sl="256" sc="13" el="256" ec="49" bec="0" bev="0" fileid="1" />
                <SequencePoint vc="1" uspid="129" ordinal="3" offset="18" sl="257" sc="13" el="257" ec="49" bec="0" bev="0" fileid="1" />
                <SequencePoint vc="1" uspid="130" ordinal="4" offset="24" sl="259" sc="13" el="259" ec="50" bec="0" bev="0" fileid="1" />
                <SequencePoint vc="1" uspid="131" ordinal="5" offset="35" sl="260" sc="13" el="260" ec="50" bec="0" bev="0" fileid="1" />
                <SequencePoint vc="1" uspid="132" ordinal="6" offset="46" sl="261" sc="13" el="261" ec="39" bec="0" bev="0" fileid="1" />
                <SequencePoint vc="1" uspid="133" ordinal="7" offset="57" sl="262" sc="13" el="262" ec="40" bec="0" bev="0" fileid="1" />
                <SequencePoint vc="1" uspid="134" ordinal="8" offset="68" sl="263" sc="13" el="263" ec="40" bec="0" bev="0" fileid="1" />
                <SequencePoint vc="1" uspid="135" ordinal="9" offset="79" sl="266" sc="13" el="266" ec="60" bec="0" bev="0" fileid="1" />
                <SequencePoint vc="1" uspid="136" ordinal="10" offset="88" sl="269" sc="13" el="269" ec="93" bec="0" bev="0" fileid="1" />
                <SequencePoint vc="1" uspid="137" ordinal="11" offset="109" sl="270" sc="13" el="270" ec="100" bec="0" bev="0" fileid="1" />
                <SequencePoint vc="1" uspid="138" ordinal="12" offset="135" sl="271" sc="13" el="271" ec="94" bec="0" bev="0" fileid="1" />
                <SequencePoint vc="1" uspid="139" ordinal="13" offset="156" sl="272" sc="13" el="272" ec="109" bec="0" bev="0" fileid="1" />
                <SequencePoint vc="1" uspid="140" ordinal="14" offset="180" sl="273" sc="13" el="273" ec="109" bec="0" bev="0" fileid="1" />
                <SequencePoint vc="1" uspid="141" ordinal="15" offset="204" sl="274" sc="9" el="274" ec="10" bec="0" bev="0" fileid="1" />
              </SequencePoints>
              <BranchPoints />
              <MethodPoint xsi:type="SequencePoint" vc="1" uspid="126" ordinal="0" offset="0" sl="254" sc="13" el="254" ec="40" bec="0" bev="0" fileid="1" />
            </Method>
            <Method visited="true" cyclomaticComplexity="1" nPathComplexity="0" sequenceCoverage="100" branchCoverage="100" crapScore="1" isConstructor="false" isStatic="false" isGetter="false" isSetter="false">
              <Summary numSequencePoints="16" visitedSequencePoints="16" numBranchPoints="1" visitedBranchPoints="1" sequenceCoverage="100" branchCoverage="100" maxCyclomaticComplexity="1" minCyclomaticComplexity="1" maxCrapScore="1" minCrapScore="1" visitedClasses="0" numClasses="0" visitedMethods="1" numMethods="1" />
              <MetadataToken>100663305</MetadataToken>
              <Name>System.Void testingMenu.UnitTest1::FinalAction_ShouldHandleTieScissors()</Name>
              <FileRef uid="1" />
              <SequencePoints>
                <SequencePoint vc="1" uspid="142" ordinal="0" offset="0" sl="279" sc="13" el="279" ec="40" bec="0" bev="0" fileid="1" />
                <SequencePoint vc="1" uspid="143" ordinal="1" offset="6" sl="280" sc="13" el="280" ec="81" bec="0" bev="0" fileid="1" />
                <SequencePoint vc="1" uspid="144" ordinal="2" offset="12" sl="281" sc="13" el="281" ec="49" bec="0" bev="0" fileid="1" />
                <SequencePoint vc="1" uspid="145" ordinal="3" offset="18" sl="282" sc="13" el="282" ec="49" bec="0" bev="0" fileid="1" />
                <SequencePoint vc="1" uspid="146" ordinal="4" offset="24" sl="284" sc="13" el="284" ec="50" bec="0" bev="0" fileid="1" />
                <SequencePoint vc="1" uspid="147" ordinal="5" offset="35" sl="285" sc="13" el="285" ec="50" bec="0" bev="0" fileid="1" />
                <SequencePoint vc="1" uspid="148" ordinal="6" offset="46" sl="286" sc="13" el="286" ec="39" bec="0" bev="0" fileid="1" />
                <SequencePoint vc="1" uspid="149" ordinal="7" offset="57" sl="287" sc="13" el="287" ec="40" bec="0" bev="0" fileid="1" />
                <SequencePoint vc="1" uspid="150" ordinal="8" offset="68" sl="288" sc="13" el="288" ec="40" bec="0" bev="0" fileid="1" />
                <SequencePoint vc="1" uspid="151" ordinal="9" offset="79" sl="291" sc="13" el="291" ec="60" bec="0" bev="0" fileid="1" />
                <SequencePoint vc="1" uspid="152" ordinal="10" offset="88" sl="294" sc="13" el="294" ec="93" bec="0" bev="0" fileid="1" />
                <SequencePoint vc="1" uspid="153" ordinal="11" offset="109" sl="295" sc="13" el="295" ec="100" bec="0" bev="0" fileid="1" />
                <SequencePoint vc="1" uspid="154" ordinal="12" offset="135" sl="296" sc="13" el="296" ec="94" bec="0" bev="0" fileid="1" />
                <SequencePoint vc="1" uspid="155" ordinal="13" offset="156" sl="297" sc="13" el="297" ec="109" bec="0" bev="0" fileid="1" />
                <SequencePoint vc="1" uspid="156" ordinal="14" offset="180" sl="298" sc="13" el="298" ec="109" bec="0" bev="0" fileid="1" />
                <SequencePoint vc="1" uspid="157" ordinal="15" offset="204" sl="299" sc="9" el="299" ec="10" bec="0" bev="0" fileid="1" />
              </SequencePoints>
              <BranchPoints />
              <MethodPoint xsi:type="SequencePoint" vc="1" uspid="142" ordinal="0" offset="0" sl="279" sc="13" el="279" ec="40" bec="0" bev="0" fileid="1" />
            </Method>
            <Method visited="true" cyclomaticComplexity="1" nPathComplexity="0" sequenceCoverage="100" branchCoverage="100" crapScore="1" isConstructor="false" isStatic="false" isGetter="false" isSetter="false">
              <Summary numSequencePoints="18" visitedSequencePoints="18" numBranchPoints="1" visitedBranchPoints="1" sequenceCoverage="100" branchCoverage="100" maxCyclomaticComplexity="1" minCyclomaticComplexity="1" maxCrapScore="1" minCrapScore="1" visitedClasses="0" numClasses="0" visitedMethods="1" numMethods="1" />
              <MetadataToken>100663306</MetadataToken>
              <Name>System.Void testingMenu.UnitTest1::FinalAction_ShouldHandleWinPlayer1f()</Name>
              <FileRef uid="1" />
              <SequencePoints>
                <SequencePoint vc="1" uspid="158" ordinal="0" offset="0" sl="304" sc="13" el="304" ec="40" bec="0" bev="0" fileid="1" />
                <SequencePoint vc="1" uspid="159" ordinal="1" offset="6" sl="305" sc="13" el="305" ec="36" bec="0" bev="0" fileid="1" />
                <SequencePoint vc="1" uspid="160" ordinal="2" offset="17" sl="306" sc="13" el="306" ec="95" bec="0" bev="0" fileid="1" />
                <SequencePoint vc="1" uspid="161" ordinal="3" offset="23" sl="307" sc="13" el="307" ec="50" bec="0" bev="0" fileid="1" />
                <SequencePoint vc="1" uspid="162" ordinal="4" offset="29" sl="308" sc="13" el="308" ec="51" bec="0" bev="0" fileid="1" />
                <SequencePoint vc="1" uspid="163" ordinal="5" offset="35" sl="311" sc="13" el="311" ec="50" bec="0" bev="0" fileid="1" />
                <SequencePoint vc="1" uspid="164" ordinal="6" offset="46" sl="312" sc="13" el="312" ec="50" bec="0" bev="0" fileid="1" />
                <SequencePoint vc="1" uspid="165" ordinal="7" offset="57" sl="313" sc="13" el="313" ec="39" bec="0" bev="0" fileid="1" />
                <SequencePoint vc="1" uspid="166" ordinal="8" offset="68" sl="314" sc="13" el="314" ec="40" bec="0" bev="0" fileid="1" />
                <SequencePoint vc="1" uspid="167" ordinal="9" offset="79" sl="315" sc="13" el="315" ec="40" bec="0" bev="0" fileid="1" />
                <SequencePoint vc="1" uspid="168" ordinal="10" offset="90" sl="318" sc="13" el="318" ec="60" bec="0" bev="0" fileid="1" />
                <SequencePoint vc="1" uspid="169" ordinal="11" offset="99" sl="321" sc="13" el="321" ec="98" bec="0" bev="0" fileid="1" />
                <SequencePoint vc="1" uspid="170" ordinal="12" offset="120" sl="322" sc="13" el="322" ec="95" bec="0" bev="0" fileid="1" />
                <SequencePoint vc="1" uspid="171" ordinal="13" offset="141" sl="323" sc="13" el="323" ec="107" bec="0" bev="0" fileid="1" />
                <SequencePoint vc="1" uspid="172" ordinal="14" offset="167" sl="324" sc="13" el="324" ec="110" bec="0" bev="0" fileid="1" />
                <SequencePoint vc="1" uspid="173" ordinal="15" offset="191" sl="325" sc="13" el="325" ec="110" bec="0" bev="0" fileid="1" />
                <SequencePoint vc="1" uspid="174" ordinal="16" offset="215" sl="326" sc="13" el="326" ec="94" bec="0" bev="0" fileid="1" />
                <SequencePoint vc="1" uspid="175" ordinal="17" offset="236" sl="327" sc="9" el="327" ec="10" bec="0" bev="0" fileid="1" />
              </SequencePoints>
              <BranchPoints />
              <MethodPoint xsi:type="SequencePoint" vc="1" uspid="158" ordinal="0" offset="0" sl="304" sc="13" el="304" ec="40" bec="0" bev="0" fileid="1" />
            </Method>
            <Method visited="true" cyclomaticComplexity="1" nPathComplexity="0" sequenceCoverage="100" branchCoverage="100" crapScore="1" isConstructor="false" isStatic="false" isGetter="false" isSetter="false">
              <Summary numSequencePoints="17" visitedSequencePoints="17" numBranchPoints="1" visitedBranchPoints="1" sequenceCoverage="100" branchCoverage="100" maxCyclomaticComplexity="1" minCyclomaticComplexity="1" maxCrapScore="1" minCrapScore="1" visitedClasses="0" numClasses="0" visitedMethods="1" numMethods="1" />
              <MetadataToken>100663307</MetadataToken>
              <Name>System.Void testingMenu.UnitTest1::FinalAction_ShouldHandleWinPlayer1_ScissorsVsPaper()</Name>
              <FileRef uid="1" />
              <SequencePoints>
                <SequencePoint vc="1" uspid="176" ordinal="0" offset="0" sl="332" sc="13" el="332" ec="40" bec="0" bev="0" fileid="1" />
                <SequencePoint vc="1" uspid="177" ordinal="1" offset="6" sl="333" sc="13" el="333" ec="96" bec="0" bev="0" fileid="1" />
                <SequencePoint vc="1" uspid="178" ordinal="2" offset="12" sl="334" sc="13" el="334" ec="50" bec="0" bev="0" fileid="1" />
                <SequencePoint vc="1" uspid="179" ordinal="3" offset="18" sl="335" sc="13" el="335" ec="49" bec="0" bev="0" fileid="1" />
                <SequencePoint vc="1" uspid="180" ordinal="4" offset="24" sl="337" sc="13" el="337" ec="50" bec="0" bev="0" fileid="1" />
                <SequencePoint vc="1" uspid="181" ordinal="5" offset="35" sl="338" sc="13" el="338" ec="50" bec="0" bev="0" fileid="1" />
                <SequencePoint vc="1" uspid="182" ordinal="6" offset="46" sl="339" sc="13" el="339" ec="39" bec="0" bev="0" fileid="1" />
                <SequencePoint vc="1" uspid="183" ordinal="7" offset="57" sl="340" sc="13" el="340" ec="40" bec="0" bev="0" fileid="1" />
                <SequencePoint vc="1" uspid="184" ordinal="8" offset="68" sl="341" sc="13" el="341" ec="40" bec="0" bev="0" fileid="1" />
                <SequencePoint vc="1" uspid="185" ordinal="9" offset="79" sl="344" sc="13" el="344" ec="60" bec="0" bev="0" fileid="1" />
                <SequencePoint vc="1" uspid="186" ordinal="10" offset="88" sl="347" sc="13" el="347" ec="98" bec="0" bev="0" fileid="1" />
                <SequencePoint vc="1" uspid="187" ordinal="11" offset="109" sl="348" sc="13" el="348" ec="95" bec="0" bev="0" fileid="1" />
                <SequencePoint vc="1" uspid="188" ordinal="12" offset="130" sl="349" sc="13" el="349" ec="110" bec="0" bev="0" fileid="1" />
                <SequencePoint vc="1" uspid="189" ordinal="13" offset="156" sl="350" sc="13" el="350" ec="94" bec="0" bev="0" fileid="1" />
                <SequencePoint vc="1" uspid="190" ordinal="14" offset="177" sl="351" sc="13" el="351" ec="122" bec="0" bev="0" fileid="1" />
                <SequencePoint vc="1" uspid="191" ordinal="15" offset="201" sl="352" sc="13" el="352" ec="122" bec="0" bev="0" fileid="1" />
                <SequencePoint vc="1" uspid="192" ordinal="16" offset="225" sl="353" sc="9" el="353" ec="10" bec="0" bev="0" fileid="1" />
              </SequencePoints>
              <BranchPoints />
              <MethodPoint xsi:type="SequencePoint" vc="1" uspid="176" ordinal="0" offset="0" sl="332" sc="13" el="332" ec="40" bec="0" bev="0" fileid="1" />
            </Method>
            <Method visited="true" cyclomaticComplexity="1" nPathComplexity="0" sequenceCoverage="100" branchCoverage="100" crapScore="1" isConstructor="false" isStatic="false" isGetter="false" isSetter="false">
              <Summary numSequencePoints="17" visitedSequencePoints="17" numBranchPoints="1" visitedBranchPoints="1" sequenceCoverage="100" branchCoverage="100" maxCyclomaticComplexity="1" minCyclomaticComplexity="1" maxCrapScore="1" minCrapScore="1" visitedClasses="0" numClasses="0" visitedMethods="1" numMethods="1" />
              <MetadataToken>100663308</MetadataToken>
              <Name>System.Void testingMenu.UnitTest1::FinalAction_ShouldHandleWinPlayer2_RockVsPaper()</Name>
              <FileRef uid="1" />
              <SequencePoints>
                <SequencePoint vc="1" uspid="193" ordinal="0" offset="0" sl="358" sc="13" el="358" ec="40" bec="0" bev="0" fileid="1" />
                <SequencePoint vc="1" uspid="194" ordinal="1" offset="6" sl="359" sc="13" el="359" ec="92" bec="0" bev="0" fileid="1" />
                <SequencePoint vc="1" uspid="195" ordinal="2" offset="12" sl="360" sc="13" el="360" ec="49" bec="0" bev="0" fileid="1" />
                <SequencePoint vc="1" uspid="196" ordinal="3" offset="18" sl="361" sc="13" el="361" ec="50" bec="0" bev="0" fileid="1" />
                <SequencePoint vc="1" uspid="197" ordinal="4" offset="24" sl="363" sc="13" el="363" ec="50" bec="0" bev="0" fileid="1" />
                <SequencePoint vc="1" uspid="198" ordinal="5" offset="35" sl="364" sc="13" el="364" ec="50" bec="0" bev="0" fileid="1" />
                <SequencePoint vc="1" uspid="199" ordinal="6" offset="46" sl="365" sc="13" el="365" ec="39" bec="0" bev="0" fileid="1" />
                <SequencePoint vc="1" uspid="200" ordinal="7" offset="57" sl="366" sc="13" el="366" ec="40" bec="0" bev="0" fileid="1" />
                <SequencePoint vc="1" uspid="201" ordinal="8" offset="68" sl="367" sc="13" el="367" ec="40" bec="0" bev="0" fileid="1" />
                <SequencePoint vc="1" uspid="202" ordinal="9" offset="79" sl="370" sc="13" el="370" ec="60" bec="0" bev="0" fileid="1" />
                <SequencePoint vc="1" uspid="203" ordinal="10" offset="88" sl="373" sc="13" el="373" ec="98" bec="0" bev="0" fileid="1" />
                <SequencePoint vc="1" uspid="204" ordinal="11" offset="109" sl="374" sc="13" el="374" ec="95" bec="0" bev="0" fileid="1" />
                <SequencePoint vc="1" uspid="205" ordinal="12" offset="130" sl="375" sc="13" el="375" ec="110" bec="0" bev="0" fileid="1" />
                <SequencePoint vc="1" uspid="206" ordinal="13" offset="156" sl="376" sc="13" el="376" ec="94" bec="0" bev="0" fileid="1" />
                <SequencePoint vc="1" uspid="207" ordinal="14" offset="177" sl="377" sc="13" el="377" ec="122" bec="0" bev="0" fileid="1" />
                <SequencePoint vc="1" uspid="208" ordinal="15" offset="201" sl="378" sc="13" el="378" ec="122" bec="0" bev="0" fileid="1" />
                <SequencePoint vc="1" uspid="209" ordinal="16" offset="225" sl="379" sc="9" el="379" ec="10" bec="0" bev="0" fileid="1" />
              </SequencePoints>
              <BranchPoints />
              <MethodPoint xsi:type="SequencePoint" vc="1" uspid="193" ordinal="0" offset="0" sl="358" sc="13" el="358" ec="40" bec="0" bev="0" fileid="1" />
            </Method>
            <Method visited="true" cyclomaticComplexity="1" nPathComplexity="0" sequenceCoverage="100" branchCoverage="100" crapScore="1" isConstructor="false" isStatic="false" isGetter="false" isSetter="false">
              <Summary numSequencePoints="17" visitedSequencePoints="17" numBranchPoints="1" visitedBranchPoints="1" sequenceCoverage="100" branchCoverage="100" maxCyclomaticComplexity="1" minCyclomaticComplexity="1" maxCrapScore="1" minCrapScore="1" visitedClasses="0" numClasses="0" visitedMethods="1" numMethods="1" />
              <MetadataToken>100663309</MetadataToken>
              <Name>System.Void testingMenu.UnitTest1::FinalAction_ShouldHandleWinPlayer2_ScissorsVsRock()</Name>
              <FileRef uid="1" />
              <SequencePoints>
                <SequencePoint vc="1" uspid="210" ordinal="0" offset="0" sl="384" sc="13" el="384" ec="40" bec="0" bev="0" fileid="1" />
                <SequencePoint vc="1" uspid="211" ordinal="1" offset="6" sl="385" sc="13" el="385" ec="95" bec="0" bev="0" fileid="1" />
                <SequencePoint vc="1" uspid="212" ordinal="2" offset="12" sl="386" sc="13" el="386" ec="50" bec="0" bev="0" fileid="1" />
                <SequencePoint vc="1" uspid="213" ordinal="3" offset="18" sl="387" sc="13" el="387" ec="50" bec="0" bev="0" fileid="1" />
                <SequencePoint vc="1" uspid="214" ordinal="4" offset="24" sl="389" sc="13" el="389" ec="50" bec="0" bev="0" fileid="1" />
                <SequencePoint vc="1" uspid="215" ordinal="5" offset="35" sl="390" sc="13" el="390" ec="50" bec="0" bev="0" fileid="1" />
                <SequencePoint vc="1" uspid="216" ordinal="6" offset="46" sl="391" sc="13" el="391" ec="39" bec="0" bev="0" fileid="1" />
                <SequencePoint vc="1" uspid="217" ordinal="7" offset="57" sl="392" sc="13" el="392" ec="40" bec="0" bev="0" fileid="1" />
                <SequencePoint vc="1" uspid="218" ordinal="8" offset="68" sl="393" sc="13" el="393" ec="40" bec="0" bev="0" fileid="1" />
                <SequencePoint vc="1" uspid="219" ordinal="9" offset="79" sl="396" sc="13" el="396" ec="60" bec="0" bev="0" fileid="1" />
                <SequencePoint vc="1" uspid="220" ordinal="10" offset="88" sl="399" sc="13" el="399" ec="98" bec="0" bev="0" fileid="1" />
                <SequencePoint vc="1" uspid="221" ordinal="11" offset="109" sl="400" sc="13" el="400" ec="95" bec="0" bev="0" fileid="1" />
                <SequencePoint vc="1" uspid="222" ordinal="12" offset="130" sl="401" sc="13" el="401" ec="110" bec="0" bev="0" fileid="1" />
                <SequencePoint vc="1" uspid="223" ordinal="13" offset="156" sl="402" sc="13" el="402" ec="94" bec="0" bev="0" fileid="1" />
                <SequencePoint vc="1" uspid="224" ordinal="14" offset="177" sl="403" sc="13" el="403" ec="122" bec="0" bev="0" fileid="1" />
                <SequencePoint vc="1" uspid="225" ordinal="15" offset="201" sl="404" sc="13" el="404" ec="122" bec="0" bev="0" fileid="1" />
                <SequencePoint vc="1" uspid="226" ordinal="16" offset="225" sl="405" sc="9" el="405" ec="10" bec="0" bev="0" fileid="1" />
              </SequencePoints>
              <BranchPoints />
              <MethodPoint xsi:type="SequencePoint" vc="1" uspid="210" ordinal="0" offset="0" sl="384" sc="13" el="384" ec="40" bec="0" bev="0" fileid="1" />
            </Method>
            <Method visited="true" cyclomaticComplexity="1" nPathComplexity="0" sequenceCoverage="100" branchCoverage="100" crapScore="1" isConstructor="false" isStatic="false" isGetter="false" isSetter="false">
              <Summary numSequencePoints="17" visitedSequencePoints="17" numBranchPoints="1" visitedBranchPoints="1" sequenceCoverage="100" branchCoverage="100" maxCyclomaticComplexity="1" minCyclomaticComplexity="1" maxCrapScore="1" minCrapScore="1" visitedClasses="0" numClasses="0" visitedMethods="1" numMethods="1" />
              <MetadataToken>100663310</MetadataToken>
              <Name>System.Void testingMenu.UnitTest1::FinalAction_ShouldHandleWinPlayer1_PaperVsRock()</Name>
              <FileRef uid="1" />
              <SequencePoints>
                <SequencePoint vc="1" uspid="227" ordinal="0" offset="0" sl="410" sc="13" el="410" ec="40" bec="0" bev="0" fileid="1" />
[...]
                <SequencePoint vc="8" uspid="2472" ordinal="102" offset="1765" sl="164" sc="13" el="164" ec="48" bec="0" bev="0" fileid="20" />
                <SequencePoint vc="8" uspid="2473" ordinal="103" offset="1781" sl="168" sc="13" el="168" ec="51" bec="0" bev="0" fileid="20" />
                <SequencePoint vc="8" uspid="2474" ordinal="104" offset="1803" sl="169" sc="13" el="169" ec="54" bec="0" bev="0" fileid="20" />
                <SequencePoint vc="8" uspid="2475" ordinal="105" offset="1825" sl="170" sc="13" el="170" ec="69" bec="0" bev="0" fileid="20" />
                <SequencePoint vc="8" uspid="2476" ordinal="106" offset="1845" sl="171" sc="13" el="171" ec="41" bec="0" bev="0" fileid="20" />
                <SequencePoint vc="8" uspid="2477" ordinal="107" offset="1861" sl="172" sc="13" el="172" ec="65" bec="0" bev="0" fileid="20" />
                <SequencePoint vc="8" uspid="2478" ordinal="108" offset="1884" sl="173" sc="13" el="173" ec="39" bec="0" bev="0" fileid="20" />
                <SequencePoint vc="8" uspid="2479" ordinal="109" offset="1897" sl="177" sc="13" el="177" ec="41" bec="0" bev="0" fileid="20" />
                <SequencePoint vc="8" uspid="2480" ordinal="110" offset="1909" sl="178" sc="13" el="178" ec="78" bec="0" bev="0" fileid="20" />
                <SequencePoint vc="8" uspid="2481" ordinal="111" offset="1925" sl="179" sc="13" el="179" ec="154" bec="0" bev="0" fileid="20" />
                <SequencePoint vc="8" uspid="2482" ordinal="112" offset="1958" sl="180" sc="13" el="180" ec="63" bec="0" bev="0" fileid="20" />
                <SequencePoint vc="8" uspid="2483" ordinal="113" offset="1974" sl="181" sc="13" el="181" ec="67" bec="0" bev="0" fileid="20" />
                <SequencePoint vc="8" uspid="2484" ordinal="114" offset="1992" sl="182" sc="13" el="182" ec="41" bec="0" bev="0" fileid="20" />
                <SequencePoint vc="8" uspid="2485" ordinal="115" offset="2008" sl="183" sc="13" el="183" ec="65" bec="0" bev="0" fileid="20" />
                <SequencePoint vc="8" uspid="2486" ordinal="116" offset="2031" sl="184" sc="13" el="184" ec="38" bec="0" bev="0" fileid="20" />
                <SequencePoint vc="8" uspid="2487" ordinal="117" offset="2043" sl="185" sc="13" el="185" ec="43" bec="0" bev="0" fileid="20" />
                <SequencePoint vc="8" uspid="2488" ordinal="118" offset="2059" sl="189" sc="13" el="189" ec="44" bec="0" bev="0" fileid="20" />
                <SequencePoint vc="8" uspid="2489" ordinal="119" offset="2071" sl="190" sc="13" el="190" ec="172" bec="0" bev="0" fileid="20" />
                <SequencePoint vc="8" uspid="2490" ordinal="120" offset="2104" sl="191" sc="13" el="191" ec="73" bec="0" bev="0" fileid="20" />
                <SequencePoint vc="8" uspid="2491" ordinal="121" offset="2127" sl="192" sc="13" el="192" ec="47" bec="0" bev="0" fileid="20" />
                <SequencePoint vc="8" uspid="2492" ordinal="122" offset="2143" sl="193" sc="13" el="193" ec="67" bec="0" bev="0" fileid="20" />
                <SequencePoint vc="8" uspid="2493" ordinal="123" offset="2163" sl="194" sc="13" el="194" ec="41" bec="0" bev="0" fileid="20" />
                <SequencePoint vc="8" uspid="2494" ordinal="124" offset="2175" sl="195" sc="13" el="195" ec="59" bec="0" bev="0" fileid="20" />
                <SequencePoint vc="8" uspid="2495" ordinal="125" offset="2187" sl="199" sc="13" el="199" ec="41" bec="0" bev="0" fileid="20" />
                <SequencePoint vc="8" uspid="2496" ordinal="126" offset="2199" sl="200" sc="13" el="200" ec="78" bec="0" bev="0" fileid="20" />
                <SequencePoint vc="8" uspid="2497" ordinal="127" offset="2215" sl="201" sc="13" el="201" ec="154" bec="0" bev="0" fileid="20" />
                <SequencePoint vc="8" uspid="2498" ordinal="128" offset="2248" sl="202" sc="13" el="202" ec="63" bec="0" bev="0" fileid="20" />
                <SequencePoint vc="8" uspid="2499" ordinal="129" offset="2264" sl="203" sc="13" el="203" ec="71" bec="0" bev="0" fileid="20" />
                <SequencePoint vc="8" uspid="2500" ordinal="130" offset="2290" sl="204" sc="13" el="204" ec="41" bec="0" bev="0" fileid="20" />
                <SequencePoint vc="8" uspid="2501" ordinal="131" offset="2306" sl="205" sc="13" el="205" ec="65" bec="0" bev="0" fileid="20" />
                <SequencePoint vc="8" uspid="2502" ordinal="132" offset="2326" sl="206" sc="13" el="206" ec="39" bec="0" bev="0" fileid="20" />
                <SequencePoint vc="8" uspid="2503" ordinal="133" offset="2339" sl="207" sc="13" el="207" ec="42" bec="0" bev="0" fileid="20" />
                <SequencePoint vc="8" uspid="2504" ordinal="134" offset="2355" sl="211" sc="13" el="211" ec="41" bec="0" bev="0" fileid="20" />
                <SequencePoint vc="8" uspid="2505" ordinal="135" offset="2367" sl="212" sc="13" el="212" ec="78" bec="0" bev="0" fileid="20" />
                <SequencePoint vc="8" uspid="2506" ordinal="136" offset="2383" sl="213" sc="13" el="213" ec="154" bec="0" bev="0" fileid="20" />
                <SequencePoint vc="8" uspid="2507" ordinal="137" offset="2416" sl="214" sc="13" el="214" ec="63" bec="0" bev="0" fileid="20" />
                <SequencePoint vc="8" uspid="2508" ordinal="138" offset="2432" sl="215" sc="13" el="215" ec="70" bec="0" bev="0" fileid="20" />
                <SequencePoint vc="8" uspid="2509" ordinal="139" offset="2452" sl="216" sc="13" el="216" ec="41" bec="0" bev="0" fileid="20" />
                <SequencePoint vc="8" uspid="2510" ordinal="140" offset="2468" sl="217" sc="13" el="217" ec="65" bec="0" bev="0" fileid="20" />
                <SequencePoint vc="8" uspid="2511" ordinal="141" offset="2491" sl="218" sc="13" el="218" ec="39" bec="0" bev="0" fileid="20" />
                <SequencePoint vc="8" uspid="2512" ordinal="142" offset="2504" sl="219" sc="13" el="219" ec="43" bec="0" bev="0" fileid="20" />
                <SequencePoint vc="8" uspid="2513" ordinal="143" offset="2520" sl="223" sc="13" el="223" ec="74" bec="0" bev="0" fileid="20" />
                <SequencePoint vc="8" uspid="2514" ordinal="144" offset="2541" sl="224" sc="13" el="224" ec="74" bec="0" bev="0" fileid="20" />
                <SequencePoint vc="8" uspid="2515" ordinal="145" offset="2548" sl="225" sc="13" el="225" ec="76" bec="0" bev="0" fileid="20" />
                <SequencePoint vc="8" uspid="2516" ordinal="146" offset="2559" sl="226" sc="13" el="226" ec="65" bec="0" bev="0" fileid="20" />
                <SequencePoint vc="8" uspid="2517" ordinal="147" offset="2580" sl="227" sc="13" el="227" ec="44" bec="0" bev="0" fileid="20" />
                <SequencePoint vc="8" uspid="2518" ordinal="148" offset="2597" sl="228" sc="13" el="228" ec="76" bec="0" bev="0" fileid="20" />
                <SequencePoint vc="8" uspid="2519" ordinal="149" offset="2608" sl="229" sc="13" el="229" ec="40" bec="0" bev="0" fileid="20" />
                <SequencePoint vc="8" uspid="2520" ordinal="150" offset="2619" sl="230" sc="13" el="230" ec="40" bec="0" bev="0" fileid="20" />
                <SequencePoint vc="8" uspid="2521" ordinal="151" offset="2630" sl="231" sc="13" el="231" ec="45" bec="0" bev="0" fileid="20" />
                <SequencePoint vc="8" uspid="2522" ordinal="152" offset="2642" sl="232" sc="13" el="232" ec="41" bec="0" bev="0" fileid="20" />
                <SequencePoint vc="8" uspid="2523" ordinal="153" offset="2653" sl="233" sc="13" el="233" ec="45" bec="0" bev="0" fileid="20" />
                <SequencePoint vc="8" uspid="2524" ordinal="154" offset="2665" sl="234" sc="13" el="234" ec="41" bec="0" bev="0" fileid="20" />
                <SequencePoint vc="8" uspid="2525" ordinal="155" offset="2676" sl="235" sc="13" el="235" ec="45" bec="0" bev="0" fileid="20" />
                <SequencePoint vc="8" uspid="2526" ordinal="156" offset="2688" sl="236" sc="13" el="236" ec="41" bec="0" bev="0" fileid="20" />
                <SequencePoint vc="8" uspid="2527" ordinal="157" offset="2699" sl="237" sc="13" el="237" ec="45" bec="0" bev="0" fileid="20" />
                <SequencePoint vc="8" uspid="2528" ordinal="158" offset="2711" sl="238" sc="13" el="238" ec="41" bec="0" bev="0" fileid="20" />
                <SequencePoint vc="8" uspid="2529" ordinal="159" offset="2722" sl="239" sc="13" el="239" ec="45" bec="0" bev="0" fileid="20" />
                <SequencePoint vc="8" uspid="2530" ordinal="160" offset="2734" sl="240" sc="13" el="240" ec="41" bec="0" bev="0" fileid="20" />
                <SequencePoint vc="8" uspid="2531" ordinal="161" offset="2745" sl="241" sc="13" el="241" ec="38" bec="0" bev="0" fileid="20" />
                <SequencePoint vc="8" uspid="2532" ordinal="162" offset="2752" sl="243" sc="9" el="243" ec="10" bec="0" bev="0" fileid="20" />
              </SequencePoints>
              <BranchPoints />
              <MethodPoint xsi:type="SequencePoint" vc="8" uspid="2370" ordinal="0" offset="0" sl="32" sc="13" el="32" ec="60" bec="0" bev="0" fileid="20" />
            </Method>
          </Methods>
        </Class>
      </Classes>
    </Module>
    <Module skippedDueTo="Filter" hash="59-32-96-05-B7-D1-CB-1F-90-F8-AF-26-C0-12-7E-F2-EF-A6-A5-38">
      <ModulePath>C:\Windows\Microsoft.Net\assembly\GAC_MSIL\System.Windows.Forms\v4.0_4.0.0.0__b77a5c561934e089\System.Windows.Forms.dll</ModulePath>
      <ModuleTime>2024-06-01T04:20:00.7650138Z</ModuleTime>
      <ModuleName>System.Windows.Forms</ModuleName>
      <Classes />
    </Module>
    <Module skippedDueTo="Filter" hash="E5-A9-6E-21-4B-22-FE-B3-91-7B-25-82-8E-C4-23-B7-F4-41-2E-56">
      <ModulePath>C:\Windows\Microsoft.Net\assembly\GAC_MSIL\System.Drawing\v4.0_4.0.0.0__b03f5f7f11d50a3a\System.Drawing.dll</ModulePath>
      <ModuleTime>2022-06-25T02:18:50.0458144Z</ModuleTime>
      <ModuleName>System.Drawing</ModuleName>
      <Classes />
    </Module>
    <Module skippedDueTo="Filter" hash="C3-E7-38-19-4A-A5-96-C0-7F-4B-2A-F5-AA-E8-31-E6-00-36-A0-31">
      <ModulePath>C:\Windows\Microsoft.Net\assembly\GAC_MSIL\System.Threading.Tasks\v4.0_4.0.0.0__b03f5f7f11d50a3a\System.Threading.Tasks.dll</ModulePath>
      <ModuleTime>2022-06-25T02:18:49.7176819Z</ModuleTime>
      <ModuleName>System.Threading.Tasks</ModuleName>
      <Classes />
    </Module>
    <Module skippedDueTo="MissingPdb" hash="DE-56-56-39-4A-E3-0C-7B-75-0D-9D-A8-86-1A-0F-93-AE-80-BA-25">
      <ModulePath>C:\Program Files (x86)\Microsoft Visual Studio\2019\Community\Common7\IDE\Extensions\TestPlatform\Microsoft.VisualStudio.TestPlatform.ObjectModel.dll</ModulePath>
      <ModuleTime>2021-09-12T12:40:55.1078393Z</ModuleTime>
      <ModuleName>Microsoft.VisualStudio.TestPlatform.ObjectModel</ModuleName>
      <Classes />
    </Module>
    <Module skippedDueTo="MissingPdb" hash="64-CA-AE-40-A2-72-19-5E-DC-DD-E1-D0-45-18-4A-A6-29-01-E0-46">
      <ModulePath>C:\csad2425ki405rudyivv24\deploy\client\Microsoft.VisualStudio.TestPlatform.TestFramework.Extensions.dll</ModulePath>
      <ModuleTime>2020-06-08T09:55:36Z</ModuleTime>
      <ModuleName>Microsoft.VisualStudio.TestPlatform.TestFramework.Extensions</ModuleName>
      <Classes />
    </Module>
    <Module skippedDueTo="Filter" hash="4B-77-9D-35-59-8C-65-33-61-AC-3F-C3-FA-42-75-86-F9-D2-4F-9D">
      <ModulePath>C:\Windows\Microsoft.Net\assembly\GAC_MSIL\System.Runtime.Serialization\v4.0_4.0.0.0__b77a5c561934e089\System.Runtime.Serialization.dll</ModulePath>
      <ModuleTime>2024-03-28T02:55:21.8201324Z</ModuleTime>
      <ModuleName>System.Runtime.Serialization</ModuleName>
      <Classes />
    </Module>
    <Module skippedDueTo="Filter" hash="97-FD-FA-24-67-BB-6B-EA-ED-A6-9B-FC-22-84-97-F8-D6-51-BB-86">
      <ModulePath>C:\Windows\Microsoft.Net\assembly\GAC_MSIL\System.Collections.Concurrent\v4.0_4.0.0.0__b03f5f7f11d50a3a\System.Collections.Concurrent.dll</ModulePath>
      <ModuleTime>2022-06-25T02:18:49.6864282Z</ModuleTime>
      <ModuleName>System.Collections.Concurrent</ModuleName>
      <Classes />
    </Module>
    <Module skippedDueTo="MissingPdb" hash="9F-B4-90-32-5C-01-2F-96-AB-6E-1F-84-11-8B-75-1E-13-B0-EB-43">
      <ModulePath>C:\Program Files (x86)\Microsoft Visual Studio\2019\Community\Common7\IDE\Extensions\TestPlatform\Microsoft.TestPlatform.PlatformAbstractions.dll</ModulePath>
      <ModuleTime>2021-09-12T12:40:54.9247982Z</ModuleTime>
      <ModuleName>Microsoft.TestPlatform.PlatformAbstractions</ModuleName>
      <Classes />
    </Module>
    <Module skippedDueTo="MissingPdb" hash="0B-5B-D3-E4-D9-18-57-28-D8-3D-98-EC-26-59-5E-61-28-11-C6-AA">
      <ModulePath>C:\csad2425ki405rudyivv24\deploy\client\Microsoft.VisualStudio.TestPlatform.MSTestAdapter.PlatformServices.dll</ModulePath>
      <ModuleTime>2020-06-08T09:56:52Z</ModuleTime>
      <ModuleName>Microsoft.VisualStudio.TestPlatform.MSTestAdapter.PlatformServices</ModuleName>
      <Classes />
    </Module>
    <Module skippedDueTo="MissingPdb" hash="0D-5D-97-72-83-71-7E-38-04-5B-09-7F-4A-00-D8-E1-22-BE-E7-18">
      <ModulePath>C:\Program Files (x86)\Microsoft Visual Studio\2019\Community\Common7\IDE\CommonExtensions\Microsoft\TestWindow\Microsoft.VisualStudio.TestPlatform.ObjectModel.dll</ModulePath>
      <ModuleTime>2021-09-12T12:40:52.2097851Z</ModuleTime>
      <ModuleName>Microsoft.VisualStudio.TestPlatform.ObjectModel</ModuleName>
      <Classes />
    </Module>
    <Module skippedDueTo="MissingPdb" hash="6F-0D-72-50-01-9F-5A-13-E7-FF-65-AC-14-11-3D-9F-BE-89-EF-98">
      <ModulePath>C:\Program Files (x86)\Microsoft Visual Studio\2019\Community\Common7\IDE\CommonExtensions\Microsoft\TestWindow\Microsoft.TestPlatform.CoreUtilities.dll</ModulePath>
      <ModuleTime>2021-09-12T12:40:52.1987725Z</ModuleTime>
      <ModuleName>Microsoft.TestPlatform.CoreUtilities</ModuleName>
      <Classes />
    </Module>
    <Module skippedDueTo="MissingPdb" hash="9F-B4-90-32-5C-01-2F-96-AB-6E-1F-84-11-8B-75-1E-13-B0-EB-43">
      <ModulePath>C:\Program Files (x86)\Microsoft Visual Studio\2019\Community\Common7\IDE\Extensions\TestPlatform\Microsoft.TestPlatform.PlatformAbstractions.dll</ModulePath>
      <ModuleTime>2021-09-12T12:40:54.9247982Z</ModuleTime>
      <ModuleName>Microsoft.TestPlatform.PlatformAbstractions</ModuleName>
      <Classes />
    </Module>
    <Module skippedDueTo="MissingPdb" hash="0B-5B-D3-E4-D9-18-57-28-D8-3D-98-EC-26-59-5E-61-28-11-C6-AA">
      <ModulePath>C:\csad2425ki405rudyivv24\deploy\client\Microsoft.VisualStudio.TestPlatform.MSTestAdapter.PlatformServices.dll</ModulePath>
      <ModuleTime>2020-06-08T09:56:52Z</ModuleTime>
      <ModuleName>Microsoft.VisualStudio.TestPlatform.MSTestAdapter.PlatformServices</ModuleName>
      <Classes />
    </Module>
    <Module skippedDueTo="MissingPdb" hash="E4-D2-3C-11-FE-63-25-B1-1B-09-DE-F7-6F-A5-06-10-5F-B1-E0-10">
      <ModulePath>C:\csad2425ki405rudyivv24\deploy\client\Microsoft.VisualStudio.TestPlatform.MSTest.TestAdapter.dll</ModulePath>
      <ModuleTime>2020-06-08T09:52:58Z</ModuleTime>
      <ModuleName>Microsoft.VisualStudio.TestPlatform.MSTest.TestAdapter</ModuleName>
      <Classes />
    </Module>
    <Module skippedDueTo="MissingPdb" hash="0C-28-09-D1-D0-60-08-83-54-0C-FF-3A-03-3E-89-C4-B1-B8-9F-08">
      <ModulePath>C:\csad2425ki405rudyivv24\deploy\client\Microsoft.VisualStudio.TestPlatform.TestFramework.dll</ModulePath>
      <ModuleTime>2020-06-08T09:46:50Z</ModuleTime>
      <ModuleName>Microsoft.VisualStudio.TestPlatform.TestFramework</ModuleName>
      <Classes />
    </Module>
    <Module skippedDueTo="MissingPdb" hash="E3-EB-03-22-B9-3B-F9-4D-B1-74-2E-53-D6-B0-1B-AC-C6-07-4B-62">
      <ModulePath>C:\csad2425ki405rudyivv24\deploy\client\Microsoft.VisualStudio.TestPlatform.MSTestAdapter.PlatformServices.Interface.dll</ModulePath>
      <ModuleTime>2020-06-08T09:50:54Z</ModuleTime>
      <ModuleName>Microsoft.VisualStudio.TestPlatform.MSTestAdapter.PlatformServices.Interface</ModuleName>
      <Classes />
    </Module>
    <Module skippedDueTo="MissingPdb" hash="64-CA-AE-40-A2-72-19-5E-DC-DD-E1-D0-45-18-4A-A6-29-01-E0-46">
      <ModulePath>C:\csad2425ki405rudyivv24\deploy\client\Microsoft.VisualStudio.TestPlatform.TestFramework.Extensions.dll</ModulePath>
      <ModuleTime>2020-06-08T09:55:36Z</ModuleTime>
      <ModuleName>Microsoft.VisualStudio.TestPlatform.TestFramework.Extensions</ModuleName>
      <Classes />
    </Module>
    <Module skippedDueTo="MissingPdb" hash="F5-20-D8-7C-13-A3-20-45-A8-2C-C1-52-DE-11-88-D8-8E-85-6B-50">
      <ModulePath>C:\Windows\Microsoft.Net\assembly\GAC_MSIL\Accessibility\v4.0_4.0.0.0__b03f5f7f11d50a3a\Accessibility.dll</ModulePath>
      <ModuleTime>2022-06-25T02:18:49.9989325Z</ModuleTime>
      <ModuleName>Accessibility</ModuleName>
      <Classes />
    </Module>
    <Module skippedDueTo="MissingPdb" hash="DE-56-56-39-4A-E3-0C-7B-75-0D-9D-A8-86-1A-0F-93-AE-80-BA-25">
      <ModulePath>C:\Program Files (x86)\Microsoft Visual Studio\2019\Community\Common7\IDE\Extensions\TestPlatform\Microsoft.VisualStudio.TestPlatform.ObjectModel.dll</ModulePath>
      <ModuleTime>2021-09-12T12:40:55.1078393Z</ModuleTime>
      <ModuleName>Microsoft.VisualStudio.TestPlatform.ObjectModel</ModuleName>
      <Classes />
    </Module>
    <Module skippedDueTo="MissingPdb" hash="11-62-48-B6-F9-1D-33-D1-02-A3-36-4C-58-9E-D0-A9-21-48-56-CA">
      <ModulePath>C:\Program Files (x86)\Microsoft Visual Studio\2019\Community\Common7\IDE\Extensions\TestPlatform\Microsoft.TestPlatform.CoreUtilities.dll</ModulePath>
      <ModuleTime>2021-09-12T12:40:54.9167789Z</ModuleTime>
      <ModuleName>Microsoft.TestPlatform.CoreUtilities</ModuleName>
      <Classes />
    </Module>
    <Module skippedDueTo="MissingPdb" hash="59-71-33-0D-DC-3F-35-16-54-B8-F1-9A-59-20-01-E9-E6-CF-6E-AD">
      <ModulePath>C:\Program Files (x86)\Microsoft Visual Studio\2019\Community\Common7\IDE\Extensions\TestPlatform\Microsoft.VisualStudio.QualityTools.ExecutionCommon.dll</ModulePath>
      <ModuleTime>2021-09-12T12:40:55.0018144Z</ModuleTime>
      <ModuleName>Microsoft.VisualStudio.QualityTools.ExecutionCommon</ModuleName>
      <Classes />
    </Module>
    <Module skippedDueTo="MissingPdb" hash="E1-EF-3D-F3-12-E1-D8-FE-9B-AF-A7-0B-8E-F9-DB-F1-4B-68-93-84">
      <ModulePath>C:\Program Files (x86)\Microsoft Visual Studio\2019\Community\Common7\IDE\Extensions\TestPlatform\Microsoft.VisualStudio.QualityTools.Resource.dll</ModulePath>
      <ModuleTime>2021-09-12T12:40:55.0448251Z</ModuleTime>
      <ModuleName>Microsoft.VisualStudio.QualityTools.Resource</ModuleName>
      <Classes />
    </Module>
    <Module skippedDueTo="MissingPdb" hash="97-47-9B-60-6E-72-D4-F3-FC-D6-B6-20-06-21-92-6B-5E-6B-4B-9D">
      <ModulePath>C:\Program Files (x86)\Microsoft Visual Studio\2019\Community\Common7\IDE\Extensions\TestPlatform\Microsoft.VisualStudio.QualityTools.WebTestFramework.dll</ModulePath>
      <ModuleTime>2021-09-12T12:40:55.0968366Z</ModuleTime>
      <ModuleName>Microsoft.VisualStudio.QualityTools.WebTestFramework</ModuleName>
      <Classes />
    </Module>
    <Module skippedDueTo="MissingPdb" hash="DE-56-56-39-4A-E3-0C-7B-75-0D-9D-A8-86-1A-0F-93-AE-80-BA-25">
      <ModulePath>C:\Program Files (x86)\Microsoft Visual Studio\2019\Community\Common7\IDE\Extensions\TestPlatform\Microsoft.VisualStudio.TestPlatform.ObjectModel.dll</ModulePath>
      <ModuleTime>2021-09-12T12:40:55.1078393Z</ModuleTime>
      <ModuleName>Microsoft.VisualStudio.TestPlatform.ObjectModel</ModuleName>
      <Classes />
    </Module>
    <Module skippedDueTo="MissingPdb" hash="DE-56-56-39-4A-E3-0C-7B-75-0D-9D-A8-86-1A-0F-93-AE-80-BA-25">
      <ModulePath>C:\Program Files (x86)\Microsoft Visual Studio\2019\Community\Common7\IDE\Extensions\TestPlatform\Microsoft.VisualStudio.TestPlatform.ObjectModel.dll</ModulePath>
      <ModuleTime>2021-09-12T12:40:55.1078393Z</ModuleTime>
      <ModuleName>Microsoft.VisualStudio.TestPlatform.ObjectModel</ModuleName>
      <Classes />
    </Module>
  </Modules>
</CoverageSession>